2022-04-24 13:31:36.460 +04:30 [Accounting] [Information] SkyApm.InstrumentStartup : Initializing ...
2022-04-24 13:31:36.504 +04:30 [Accounting] [Information] SkyApm.Service.RegisterService : Loaded instrument service [SkyApm.Service.RegisterService].
2022-04-24 13:31:36.512 +04:30 [Accounting] [Information] SkyApm.Service.PingService : Loaded instrument service [SkyApm.Service.PingService].
2022-04-24 13:31:36.512 +04:30 [Accounting] [Information] SkyApm.Service.SegmentReportService : Loaded instrument service [SkyApm.Service.SegmentReportService].
2022-04-24 13:31:36.512 +04:30 [Accounting] [Information] SkyApm.Service.CLRStatsService : Loaded instrument service [SkyApm.Service.CLRStatsService].
2022-04-24 13:31:36.512 +04:30 [Accounting] [Information] SkyApm.Sampling.SimpleCountSamplingInterceptor : Loaded instrument service [SkyApm.Sampling.SimpleCountSamplingInterceptor].
2022-04-24 13:31:36.513 +04:30 [Accounting] [Information] SkyApm.Transport.Grpc.ConnectService : Loaded instrument service [SkyApm.Transport.Grpc.ConnectService].
2022-04-24 13:31:36.584 +04:30 [Accounting] [Information] SkyApm.Diagnostics.TracingDiagnosticProcessorObserver : Loaded diagnostic listener [Microsoft.AspNetCore].
2022-04-24 13:31:36.584 +04:30 [Accounting] [Information] SkyApm.InstrumentStartup : Started SkyAPM .NET Core Agent.
2022-04-24 13:31:46.933 +04:30 [Accounting] [Error] SkyApm.Transport.Grpc.ConnectionManager : Connect server timeout.
System.Threading.Tasks.TaskCanceledException: Reached deadline.
   at Grpc.Core.Channel.WaitForStateChangedAsync(ChannelState lastObservedState, Nullable`1 deadline)
   at Grpc.Core.Channel.ConnectAsync(Nullable`1 deadline)
   at SkyApm.Transport.Grpc.ConnectionManager.ConnectAsync()
2022-04-24 13:31:51.554 +04:30 [Accounting] [Information] SkyApm.Transport.Grpc.ConnectionManager : Shutdown connection[192.168.0.1:11800].
2022-04-24 13:45:06.099 +04:30 [Accounting] [Information] SkyApm.InstrumentStartup : Initializing ...
2022-04-24 13:45:06.208 +04:30 [Accounting] [Information] SkyApm.Service.RegisterService : Loaded instrument service [SkyApm.Service.RegisterService].
2022-04-24 13:45:06.230 +04:30 [Accounting] [Information] SkyApm.Service.PingService : Loaded instrument service [SkyApm.Service.PingService].
2022-04-24 13:45:06.230 +04:30 [Accounting] [Information] SkyApm.Service.SegmentReportService : Loaded instrument service [SkyApm.Service.SegmentReportService].
2022-04-24 13:45:06.230 +04:30 [Accounting] [Information] SkyApm.Service.CLRStatsService : Loaded instrument service [SkyApm.Service.CLRStatsService].
2022-04-24 13:45:06.230 +04:30 [Accounting] [Information] SkyApm.Sampling.SimpleCountSamplingInterceptor : Loaded instrument service [SkyApm.Sampling.SimpleCountSamplingInterceptor].
2022-04-24 13:45:06.230 +04:30 [Accounting] [Information] SkyApm.Transport.Grpc.ConnectService : Loaded instrument service [SkyApm.Transport.Grpc.ConnectService].
2022-04-24 13:45:06.449 +04:30 [Accounting] [Information] SkyApm.Diagnostics.TracingDiagnosticProcessorObserver : Loaded diagnostic listener [Microsoft.AspNetCore].
2022-04-24 13:45:06.449 +04:30 [Accounting] [Information] SkyApm.InstrumentStartup : Started SkyAPM .NET Core Agent.
2022-04-24 13:45:17.177 +04:30 [Accounting] [Error] SkyApm.Transport.Grpc.ConnectionManager : Connect server timeout.
System.Threading.Tasks.TaskCanceledException: Reached deadline.
   at Grpc.Core.Channel.WaitForStateChangedAsync(ChannelState lastObservedState, Nullable`1 deadline)
   at Grpc.Core.Channel.ConnectAsync(Nullable`1 deadline)
   at SkyApm.Transport.Grpc.ConnectionManager.ConnectAsync()
2022-04-24 13:45:21.261 +04:30 [Accounting] [Information] SkyApm.Transport.Grpc.ConnectionManager : Shutdown connection[192.168.0.1:11800].
2022-04-24 13:45:31.298 +04:30 [Accounting] [Error] SkyApm.Transport.Grpc.ConnectionManager : Connect server timeout.
System.Threading.Tasks.TaskCanceledException: Reached deadline.
   at Grpc.Core.Channel.WaitForStateChangedAsync(ChannelState lastObservedState, Nullable`1 deadline)
   at Grpc.Core.Channel.ConnectAsync(Nullable`1 deadline)
   at SkyApm.Transport.Grpc.ConnectionManager.ConnectAsync()
2022-04-24 13:45:36.259 +04:30 [Accounting] [Information] SkyApm.Transport.Grpc.ConnectionManager : Shutdown connection[192.168.0.1:11800].
2022-04-24 13:45:46.298 +04:30 [Accounting] [Error] SkyApm.Transport.Grpc.ConnectionManager : Connect server timeout.
System.Threading.Tasks.TaskCanceledException: Reached deadline.
   at Grpc.Core.Channel.WaitForStateChangedAsync(ChannelState lastObservedState, Nullable`1 deadline)
   at Grpc.Core.Channel.ConnectAsync(Nullable`1 deadline)
   at SkyApm.Transport.Grpc.ConnectionManager.ConnectAsync()
2022-04-24 13:45:51.237 +04:30 [Accounting] [Information] SkyApm.Transport.Grpc.ConnectionManager : Shutdown connection[192.168.0.1:11800].
2022-04-24 13:46:01.272 +04:30 [Accounting] [Error] SkyApm.Transport.Grpc.ConnectionManager : Connect server timeout.
System.Threading.Tasks.TaskCanceledException: Reached deadline.
   at Grpc.Core.Channel.WaitForStateChangedAsync(ChannelState lastObservedState, Nullable`1 deadline)
   at Grpc.Core.Channel.ConnectAsync(Nullable`1 deadline)
   at SkyApm.Transport.Grpc.ConnectionManager.ConnectAsync()
2022-04-24 13:46:06.235 +04:30 [Accounting] [Information] SkyApm.Transport.Grpc.ConnectionManager : Shutdown connection[192.168.0.1:11800].
2022-04-24 13:46:16.267 +04:30 [Accounting] [Error] SkyApm.Transport.Grpc.ConnectionManager : Connect server timeout.
System.Threading.Tasks.TaskCanceledException: Reached deadline.
   at Grpc.Core.Channel.WaitForStateChangedAsync(ChannelState lastObservedState, Nullable`1 deadline)
   at Grpc.Core.Channel.ConnectAsync(Nullable`1 deadline)
   at SkyApm.Transport.Grpc.ConnectionManager.ConnectAsync()
2022-04-24 13:46:21.229 +04:30 [Accounting] [Information] SkyApm.Transport.Grpc.ConnectionManager : Shutdown connection[192.168.0.1:11800].
2022-04-24 13:46:31.252 +04:30 [Accounting] [Error] SkyApm.Transport.Grpc.ConnectionManager : Connect server timeout.
System.Threading.Tasks.TaskCanceledException: Reached deadline.
   at Grpc.Core.Channel.WaitForStateChangedAsync(ChannelState lastObservedState, Nullable`1 deadline)
   at Grpc.Core.Channel.ConnectAsync(Nullable`1 deadline)
   at SkyApm.Transport.Grpc.ConnectionManager.ConnectAsync()
2022-04-24 13:46:36.241 +04:30 [Accounting] [Information] SkyApm.Transport.Grpc.ConnectionManager : Shutdown connection[192.168.0.1:11800].
2022-04-24 13:46:46.270 +04:30 [Accounting] [Error] SkyApm.Transport.Grpc.ConnectionManager : Connect server timeout.
System.Threading.Tasks.TaskCanceledException: Reached deadline.
   at Grpc.Core.Channel.WaitForStateChangedAsync(ChannelState lastObservedState, Nullable`1 deadline)
   at Grpc.Core.Channel.ConnectAsync(Nullable`1 deadline)
   at SkyApm.Transport.Grpc.ConnectionManager.ConnectAsync()
2022-04-24 13:46:51.227 +04:30 [Accounting] [Information] SkyApm.Transport.Grpc.ConnectionManager : Shutdown connection[192.168.0.1:11800].
2022-04-24 13:47:01.260 +04:30 [Accounting] [Error] SkyApm.Transport.Grpc.ConnectionManager : Connect server timeout.
System.Threading.Tasks.TaskCanceledException: Reached deadline.
   at Grpc.Core.Channel.WaitForStateChangedAsync(ChannelState lastObservedState, Nullable`1 deadline)
   at Grpc.Core.Channel.ConnectAsync(Nullable`1 deadline)
   at SkyApm.Transport.Grpc.ConnectionManager.ConnectAsync()
2022-04-24 13:47:06.239 +04:30 [Accounting] [Information] SkyApm.Transport.Grpc.ConnectionManager : Shutdown connection[192.168.0.1:11800].
2022-04-24 13:47:16.277 +04:30 [Accounting] [Error] SkyApm.Transport.Grpc.ConnectionManager : Connect server timeout.
System.Threading.Tasks.TaskCanceledException: Reached deadline.
   at Grpc.Core.Channel.WaitForStateChangedAsync(ChannelState lastObservedState, Nullable`1 deadline)
   at Grpc.Core.Channel.ConnectAsync(Nullable`1 deadline)
   at SkyApm.Transport.Grpc.ConnectionManager.ConnectAsync()
2022-04-24 13:47:21.231 +04:30 [Accounting] [Information] SkyApm.Transport.Grpc.ConnectionManager : Shutdown connection[192.168.0.1:11800].
2022-04-24 13:47:31.257 +04:30 [Accounting] [Error] SkyApm.Transport.Grpc.ConnectionManager : Connect server timeout.
System.Threading.Tasks.TaskCanceledException: Reached deadline.
   at Grpc.Core.Channel.WaitForStateChangedAsync(ChannelState lastObservedState, Nullable`1 deadline)
   at Grpc.Core.Channel.ConnectAsync(Nullable`1 deadline)
   at SkyApm.Transport.Grpc.ConnectionManager.ConnectAsync()
2022-04-24 13:47:36.234 +04:30 [Accounting] [Information] SkyApm.Transport.Grpc.ConnectionManager : Shutdown connection[192.168.0.1:11800].
2022-04-24 13:47:46.262 +04:30 [Accounting] [Error] SkyApm.Transport.Grpc.ConnectionManager : Connect server timeout.
System.Threading.Tasks.TaskCanceledException: Reached deadline.
   at Grpc.Core.Channel.WaitForStateChangedAsync(ChannelState lastObservedState, Nullable`1 deadline)
   at Grpc.Core.Channel.ConnectAsync(Nullable`1 deadline)
   at SkyApm.Transport.Grpc.ConnectionManager.ConnectAsync()
2022-04-24 13:47:51.224 +04:30 [Accounting] [Information] SkyApm.Transport.Grpc.ConnectionManager : Shutdown connection[192.168.0.1:11800].
2022-04-24 13:48:01.257 +04:30 [Accounting] [Error] SkyApm.Transport.Grpc.ConnectionManager : Connect server timeout.
System.Threading.Tasks.TaskCanceledException: Reached deadline.
   at Grpc.Core.Channel.WaitForStateChangedAsync(ChannelState lastObservedState, Nullable`1 deadline)
   at Grpc.Core.Channel.ConnectAsync(Nullable`1 deadline)
   at SkyApm.Transport.Grpc.ConnectionManager.ConnectAsync()
2022-04-24 13:48:06.213 +04:30 [Accounting] [Information] SkyApm.Transport.Grpc.ConnectionManager : Shutdown connection[192.168.0.1:11800].
2022-04-24 13:48:16.242 +04:30 [Accounting] [Error] SkyApm.Transport.Grpc.ConnectionManager : Connect server timeout.
System.Threading.Tasks.TaskCanceledException: Reached deadline.
   at Grpc.Core.Channel.WaitForStateChangedAsync(ChannelState lastObservedState, Nullable`1 deadline)
   at Grpc.Core.Channel.ConnectAsync(Nullable`1 deadline)
   at SkyApm.Transport.Grpc.ConnectionManager.ConnectAsync()
2022-04-24 13:48:21.206 +04:30 [Accounting] [Information] SkyApm.Transport.Grpc.ConnectionManager : Shutdown connection[192.168.0.1:11800].
2022-04-24 13:48:31.234 +04:30 [Accounting] [Error] SkyApm.Transport.Grpc.ConnectionManager : Connect server timeout.
System.Threading.Tasks.TaskCanceledException: Reached deadline.
   at Grpc.Core.Channel.WaitForStateChangedAsync(ChannelState lastObservedState, Nullable`1 deadline)
   at Grpc.Core.Channel.ConnectAsync(Nullable`1 deadline)
   at SkyApm.Transport.Grpc.ConnectionManager.ConnectAsync()
2022-04-24 13:48:36.229 +04:30 [Accounting] [Information] SkyApm.Transport.Grpc.ConnectionManager : Shutdown connection[192.168.0.1:11800].
2022-04-24 13:48:46.263 +04:30 [Accounting] [Error] SkyApm.Transport.Grpc.ConnectionManager : Connect server timeout.
System.Threading.Tasks.TaskCanceledException: Reached deadline.
   at Grpc.Core.Channel.WaitForStateChangedAsync(ChannelState lastObservedState, Nullable`1 deadline)
   at Grpc.Core.Channel.ConnectAsync(Nullable`1 deadline)
   at SkyApm.Transport.Grpc.ConnectionManager.ConnectAsync()
2022-04-24 13:48:51.208 +04:30 [Accounting] [Information] SkyApm.Transport.Grpc.ConnectionManager : Shutdown connection[192.168.0.1:11800].
2022-04-24 13:49:01.245 +04:30 [Accounting] [Error] SkyApm.Transport.Grpc.ConnectionManager : Connect server timeout.
System.Threading.Tasks.TaskCanceledException: Reached deadline.
   at Grpc.Core.Channel.WaitForStateChangedAsync(ChannelState lastObservedState, Nullable`1 deadline)
   at Grpc.Core.Channel.ConnectAsync(Nullable`1 deadline)
   at SkyApm.Transport.Grpc.ConnectionManager.ConnectAsync()
2022-04-24 13:49:06.207 +04:30 [Accounting] [Information] SkyApm.Transport.Grpc.ConnectionManager : Shutdown connection[192.168.0.1:11800].
2022-04-24 13:49:16.240 +04:30 [Accounting] [Error] SkyApm.Transport.Grpc.ConnectionManager : Connect server timeout.
System.Threading.Tasks.TaskCanceledException: Reached deadline.
   at Grpc.Core.Channel.WaitForStateChangedAsync(ChannelState lastObservedState, Nullable`1 deadline)
   at Grpc.Core.Channel.ConnectAsync(Nullable`1 deadline)
   at SkyApm.Transport.Grpc.ConnectionManager.ConnectAsync()
2022-04-24 13:49:21.201 +04:30 [Accounting] [Information] SkyApm.Transport.Grpc.ConnectionManager : Shutdown connection[192.168.0.1:11800].
2022-04-24 13:49:31.226 +04:30 [Accounting] [Error] SkyApm.Transport.Grpc.ConnectionManager : Connect server timeout.
System.Threading.Tasks.TaskCanceledException: Reached deadline.
   at Grpc.Core.Channel.WaitForStateChangedAsync(ChannelState lastObservedState, Nullable`1 deadline)
   at Grpc.Core.Channel.ConnectAsync(Nullable`1 deadline)
   at SkyApm.Transport.Grpc.ConnectionManager.ConnectAsync()
2022-04-24 13:49:36.208 +04:30 [Accounting] [Information] SkyApm.Transport.Grpc.ConnectionManager : Shutdown connection[192.168.0.1:11800].
2022-04-24 13:49:46.234 +04:30 [Accounting] [Error] SkyApm.Transport.Grpc.ConnectionManager : Connect server timeout.
System.Threading.Tasks.TaskCanceledException: Reached deadline.
   at Grpc.Core.Channel.WaitForStateChangedAsync(ChannelState lastObservedState, Nullable`1 deadline)
   at Grpc.Core.Channel.ConnectAsync(Nullable`1 deadline)
   at SkyApm.Transport.Grpc.ConnectionManager.ConnectAsync()
2022-04-24 13:49:51.206 +04:30 [Accounting] [Information] SkyApm.Transport.Grpc.ConnectionManager : Shutdown connection[192.168.0.1:11800].
2022-04-24 13:50:01.233 +04:30 [Accounting] [Error] SkyApm.Transport.Grpc.ConnectionManager : Connect server timeout.
System.Threading.Tasks.TaskCanceledException: Reached deadline.
   at Grpc.Core.Channel.WaitForStateChangedAsync(ChannelState lastObservedState, Nullable`1 deadline)
   at Grpc.Core.Channel.ConnectAsync(Nullable`1 deadline)
   at SkyApm.Transport.Grpc.ConnectionManager.ConnectAsync()
2022-04-24 13:50:06.201 +04:30 [Accounting] [Information] SkyApm.Transport.Grpc.ConnectionManager : Shutdown connection[192.168.0.1:11800].
2022-04-24 13:50:16.232 +04:30 [Accounting] [Error] SkyApm.Transport.Grpc.ConnectionManager : Connect server timeout.
System.Threading.Tasks.TaskCanceledException: Reached deadline.
   at Grpc.Core.Channel.WaitForStateChangedAsync(ChannelState lastObservedState, Nullable`1 deadline)
   at Grpc.Core.Channel.ConnectAsync(Nullable`1 deadline)
   at SkyApm.Transport.Grpc.ConnectionManager.ConnectAsync()
2022-04-24 13:50:21.203 +04:30 [Accounting] [Information] SkyApm.Transport.Grpc.ConnectionManager : Shutdown connection[192.168.0.1:11800].
2022-04-24 13:50:31.226 +04:30 [Accounting] [Error] SkyApm.Transport.Grpc.ConnectionManager : Connect server timeout.
System.Threading.Tasks.TaskCanceledException: Reached deadline.
   at Grpc.Core.Channel.WaitForStateChangedAsync(ChannelState lastObservedState, Nullable`1 deadline)
   at Grpc.Core.Channel.ConnectAsync(Nullable`1 deadline)
   at SkyApm.Transport.Grpc.ConnectionManager.ConnectAsync()
2022-04-24 13:50:36.197 +04:30 [Accounting] [Information] SkyApm.Transport.Grpc.ConnectionManager : Shutdown connection[192.168.0.1:11800].
2022-04-24 13:50:46.229 +04:30 [Accounting] [Error] SkyApm.Transport.Grpc.ConnectionManager : Connect server timeout.
System.Threading.Tasks.TaskCanceledException: Reached deadline.
   at Grpc.Core.Channel.WaitForStateChangedAsync(ChannelState lastObservedState, Nullable`1 deadline)
   at Grpc.Core.Channel.ConnectAsync(Nullable`1 deadline)
   at SkyApm.Transport.Grpc.ConnectionManager.ConnectAsync()
2022-04-24 13:50:51.199 +04:30 [Accounting] [Information] SkyApm.Transport.Grpc.ConnectionManager : Shutdown connection[192.168.0.1:11800].
2022-04-24 13:51:01.223 +04:30 [Accounting] [Error] SkyApm.Transport.Grpc.ConnectionManager : Connect server timeout.
System.Threading.Tasks.TaskCanceledException: Reached deadline.
   at Grpc.Core.Channel.WaitForStateChangedAsync(ChannelState lastObservedState, Nullable`1 deadline)
   at Grpc.Core.Channel.ConnectAsync(Nullable`1 deadline)
   at SkyApm.Transport.Grpc.ConnectionManager.ConnectAsync()
2022-04-24 13:51:06.184 +04:30 [Accounting] [Information] SkyApm.Transport.Grpc.ConnectionManager : Shutdown connection[192.168.0.1:11800].
2022-04-24 13:51:07.487 +04:30 [Accounting] [Information] SkyApm.Diagnostics.TracingDiagnosticProcessorObserver : Loaded diagnostic listener [Microsoft.EntityFrameworkCore].
2022-04-24 13:51:08.105 +04:30 [Accounting] [Information] SkyApm.Diagnostics.TracingDiagnosticProcessorObserver : Loaded diagnostic listener [SqlClientDiagnosticListener].
2022-04-24 13:51:08.399 +04:30 [Accounting] [Information] SkyApm.Diagnostics.TracingDiagnosticProcessorObserver : Loaded diagnostic listener [SqlClientDiagnosticListener].
2022-04-24 13:51:08.451 +04:30 [Accounting] [Information] SkyApm.Diagnostics.TracingDiagnosticProcessorObserver : Loaded diagnostic listener [SqlClientDiagnosticListener].
2022-04-24 13:51:16.216 +04:30 [Accounting] [Error] SkyApm.Transport.Grpc.ConnectionManager : Connect server timeout.
System.Threading.Tasks.TaskCanceledException: Reached deadline.
   at Grpc.Core.Channel.WaitForStateChangedAsync(ChannelState lastObservedState, Nullable`1 deadline)
   at Grpc.Core.Channel.ConnectAsync(Nullable`1 deadline)
   at SkyApm.Transport.Grpc.ConnectionManager.ConnectAsync()
2022-04-24 13:51:21.181 +04:30 [Accounting] [Information] SkyApm.Transport.Grpc.ConnectionManager : Shutdown connection[192.168.0.1:11800].
2022-04-24 13:51:31.213 +04:30 [Accounting] [Error] SkyApm.Transport.Grpc.ConnectionManager : Connect server timeout.
System.Threading.Tasks.TaskCanceledException: Reached deadline.
   at Grpc.Core.Channel.WaitForStateChangedAsync(ChannelState lastObservedState, Nullable`1 deadline)
   at Grpc.Core.Channel.ConnectAsync(Nullable`1 deadline)
   at SkyApm.Transport.Grpc.ConnectionManager.ConnectAsync()
2022-04-24 13:51:36.178 +04:30 [Accounting] [Information] SkyApm.Transport.Grpc.ConnectionManager : Shutdown connection[192.168.0.1:11800].
2022-04-24 13:51:46.212 +04:30 [Accounting] [Error] SkyApm.Transport.Grpc.ConnectionManager : Connect server timeout.
System.Threading.Tasks.TaskCanceledException: Reached deadline.
   at Grpc.Core.Channel.WaitForStateChangedAsync(ChannelState lastObservedState, Nullable`1 deadline)
   at Grpc.Core.Channel.ConnectAsync(Nullable`1 deadline)
   at SkyApm.Transport.Grpc.ConnectionManager.ConnectAsync()
2022-04-24 13:51:51.189 +04:30 [Accounting] [Information] SkyApm.Transport.Grpc.ConnectionManager : Shutdown connection[192.168.0.1:11800].
2022-04-24 13:52:01.224 +04:30 [Accounting] [Error] SkyApm.Transport.Grpc.ConnectionManager : Connect server timeout.
System.Threading.Tasks.TaskCanceledException: Reached deadline.
   at Grpc.Core.Channel.WaitForStateChangedAsync(ChannelState lastObservedState, Nullable`1 deadline)
   at Grpc.Core.Channel.ConnectAsync(Nullable`1 deadline)
   at SkyApm.Transport.Grpc.ConnectionManager.ConnectAsync()
2022-04-24 13:52:06.183 +04:30 [Accounting] [Information] SkyApm.Transport.Grpc.ConnectionManager : Shutdown connection[192.168.0.1:11800].
2022-04-24 13:52:16.219 +04:30 [Accounting] [Error] SkyApm.Transport.Grpc.ConnectionManager : Connect server timeout.
System.Threading.Tasks.TaskCanceledException: Reached deadline.
   at Grpc.Core.Channel.WaitForStateChangedAsync(ChannelState lastObservedState, Nullable`1 deadline)
   at Grpc.Core.Channel.ConnectAsync(Nullable`1 deadline)
   at SkyApm.Transport.Grpc.ConnectionManager.ConnectAsync()
2022-04-24 13:52:21.183 +04:30 [Accounting] [Information] SkyApm.Transport.Grpc.ConnectionManager : Shutdown connection[192.168.0.1:11800].
2022-04-24 13:52:31.205 +04:30 [Accounting] [Error] SkyApm.Transport.Grpc.ConnectionManager : Connect server timeout.
System.Threading.Tasks.TaskCanceledException: Reached deadline.
   at Grpc.Core.Channel.WaitForStateChangedAsync(ChannelState lastObservedState, Nullable`1 deadline)
   at Grpc.Core.Channel.ConnectAsync(Nullable`1 deadline)
   at SkyApm.Transport.Grpc.ConnectionManager.ConnectAsync()
2022-04-24 13:52:36.183 +04:30 [Accounting] [Information] SkyApm.Transport.Grpc.ConnectionManager : Shutdown connection[192.168.0.1:11800].
2022-04-24 13:52:46.211 +04:30 [Accounting] [Error] SkyApm.Transport.Grpc.ConnectionManager : Connect server timeout.
System.Threading.Tasks.TaskCanceledException: Reached deadline.
   at Grpc.Core.Channel.WaitForStateChangedAsync(ChannelState lastObservedState, Nullable`1 deadline)
   at Grpc.Core.Channel.ConnectAsync(Nullable`1 deadline)
   at SkyApm.Transport.Grpc.ConnectionManager.ConnectAsync()
2022-04-24 13:52:51.177 +04:30 [Accounting] [Information] SkyApm.Transport.Grpc.ConnectionManager : Shutdown connection[192.168.0.1:11800].
2022-04-24 13:53:01.213 +04:30 [Accounting] [Error] SkyApm.Transport.Grpc.ConnectionManager : Connect server timeout.
System.Threading.Tasks.TaskCanceledException: Reached deadline.
   at Grpc.Core.Channel.WaitForStateChangedAsync(ChannelState lastObservedState, Nullable`1 deadline)
   at Grpc.Core.Channel.ConnectAsync(Nullable`1 deadline)
   at SkyApm.Transport.Grpc.ConnectionManager.ConnectAsync()
2022-04-24 13:53:06.172 +04:30 [Accounting] [Information] SkyApm.Transport.Grpc.ConnectionManager : Shutdown connection[192.168.0.1:11800].
2022-04-24 13:53:16.204 +04:30 [Accounting] [Error] SkyApm.Transport.Grpc.ConnectionManager : Connect server timeout.
System.Threading.Tasks.TaskCanceledException: Reached deadline.
   at Grpc.Core.Channel.WaitForStateChangedAsync(ChannelState lastObservedState, Nullable`1 deadline)
   at Grpc.Core.Channel.ConnectAsync(Nullable`1 deadline)
   at SkyApm.Transport.Grpc.ConnectionManager.ConnectAsync()
2022-04-24 13:53:21.183 +04:30 [Accounting] [Information] SkyApm.Transport.Grpc.ConnectionManager : Shutdown connection[192.168.0.1:11800].
2022-04-24 13:53:31.224 +04:30 [Accounting] [Error] SkyApm.Transport.Grpc.ConnectionManager : Connect server timeout.
System.Threading.Tasks.TaskCanceledException: Reached deadline.
   at Grpc.Core.Channel.WaitForStateChangedAsync(ChannelState lastObservedState, Nullable`1 deadline)
   at Grpc.Core.Channel.ConnectAsync(Nullable`1 deadline)
   at SkyApm.Transport.Grpc.ConnectionManager.ConnectAsync()
2022-04-24 13:53:36.179 +04:30 [Accounting] [Information] SkyApm.Transport.Grpc.ConnectionManager : Shutdown connection[192.168.0.1:11800].
2022-04-24 13:53:46.219 +04:30 [Accounting] [Error] SkyApm.Transport.Grpc.ConnectionManager : Connect server timeout.
System.Threading.Tasks.TaskCanceledException: Reached deadline.
   at Grpc.Core.Channel.WaitForStateChangedAsync(ChannelState lastObservedState, Nullable`1 deadline)
   at Grpc.Core.Channel.ConnectAsync(Nullable`1 deadline)
   at SkyApm.Transport.Grpc.ConnectionManager.ConnectAsync()
2022-04-24 13:53:51.161 +04:30 [Accounting] [Information] SkyApm.Transport.Grpc.ConnectionManager : Shutdown connection[192.168.0.1:11800].
2022-04-24 13:54:01.197 +04:30 [Accounting] [Error] SkyApm.Transport.Grpc.ConnectionManager : Connect server timeout.
System.Threading.Tasks.TaskCanceledException: Reached deadline.
   at Grpc.Core.Channel.WaitForStateChangedAsync(ChannelState lastObservedState, Nullable`1 deadline)
   at Grpc.Core.Channel.ConnectAsync(Nullable`1 deadline)
   at SkyApm.Transport.Grpc.ConnectionManager.ConnectAsync()
2022-04-24 13:54:06.156 +04:30 [Accounting] [Information] SkyApm.Transport.Grpc.ConnectionManager : Shutdown connection[192.168.0.1:11800].
2022-04-24 13:54:16.192 +04:30 [Accounting] [Error] SkyApm.Transport.Grpc.ConnectionManager : Connect server timeout.
System.Threading.Tasks.TaskCanceledException: Reached deadline.
   at Grpc.Core.Channel.WaitForStateChangedAsync(ChannelState lastObservedState, Nullable`1 deadline)
   at Grpc.Core.Channel.ConnectAsync(Nullable`1 deadline)
   at SkyApm.Transport.Grpc.ConnectionManager.ConnectAsync()
2022-04-24 13:54:21.159 +04:30 [Accounting] [Information] SkyApm.Transport.Grpc.ConnectionManager : Shutdown connection[192.168.0.1:11800].
2022-04-24 13:54:31.190 +04:30 [Accounting] [Error] SkyApm.Transport.Grpc.ConnectionManager : Connect server timeout.
System.Threading.Tasks.TaskCanceledException: Reached deadline.
   at Grpc.Core.Channel.WaitForStateChangedAsync(ChannelState lastObservedState, Nullable`1 deadline)
   at Grpc.Core.Channel.ConnectAsync(Nullable`1 deadline)
   at SkyApm.Transport.Grpc.ConnectionManager.ConnectAsync()
2022-04-24 13:54:36.165 +04:30 [Accounting] [Information] SkyApm.Transport.Grpc.ConnectionManager : Shutdown connection[192.168.0.1:11800].
2022-04-24 13:54:46.203 +04:30 [Accounting] [Error] SkyApm.Transport.Grpc.ConnectionManager : Connect server timeout.
System.Threading.Tasks.TaskCanceledException: Reached deadline.
   at Grpc.Core.Channel.WaitForStateChangedAsync(ChannelState lastObservedState, Nullable`1 deadline)
   at Grpc.Core.Channel.ConnectAsync(Nullable`1 deadline)
   at SkyApm.Transport.Grpc.ConnectionManager.ConnectAsync()
2022-04-24 13:54:51.161 +04:30 [Accounting] [Information] SkyApm.Transport.Grpc.ConnectionManager : Shutdown connection[192.168.0.1:11800].
2022-04-24 13:55:01.194 +04:30 [Accounting] [Error] SkyApm.Transport.Grpc.ConnectionManager : Connect server timeout.
System.Threading.Tasks.TaskCanceledException: Reached deadline.
   at Grpc.Core.Channel.WaitForStateChangedAsync(ChannelState lastObservedState, Nullable`1 deadline)
   at Grpc.Core.Channel.ConnectAsync(Nullable`1 deadline)
   at SkyApm.Transport.Grpc.ConnectionManager.ConnectAsync()
2022-04-24 13:55:06.157 +04:30 [Accounting] [Information] SkyApm.Transport.Grpc.ConnectionManager : Shutdown connection[192.168.0.1:11800].
2022-04-24 13:55:16.185 +04:30 [Accounting] [Error] SkyApm.Transport.Grpc.ConnectionManager : Connect server timeout.
System.Threading.Tasks.TaskCanceledException: Reached deadline.
   at Grpc.Core.Channel.WaitForStateChangedAsync(ChannelState lastObservedState, Nullable`1 deadline)
   at Grpc.Core.Channel.ConnectAsync(Nullable`1 deadline)
   at SkyApm.Transport.Grpc.ConnectionManager.ConnectAsync()
2022-04-24 13:55:21.145 +04:30 [Accounting] [Information] SkyApm.Transport.Grpc.ConnectionManager : Shutdown connection[192.168.0.1:11800].
2022-04-24 13:55:31.178 +04:30 [Accounting] [Error] SkyApm.Transport.Grpc.ConnectionManager : Connect server timeout.
System.Threading.Tasks.TaskCanceledException: Reached deadline.
   at Grpc.Core.Channel.WaitForStateChangedAsync(ChannelState lastObservedState, Nullable`1 deadline)
   at Grpc.Core.Channel.ConnectAsync(Nullable`1 deadline)
   at SkyApm.Transport.Grpc.ConnectionManager.ConnectAsync()
2022-04-24 13:55:36.162 +04:30 [Accounting] [Information] SkyApm.Transport.Grpc.ConnectionManager : Shutdown connection[192.168.0.1:11800].
2022-04-24 13:55:46.197 +04:30 [Accounting] [Error] SkyApm.Transport.Grpc.ConnectionManager : Connect server timeout.
System.Threading.Tasks.TaskCanceledException: Reached deadline.
   at Grpc.Core.Channel.WaitForStateChangedAsync(ChannelState lastObservedState, Nullable`1 deadline)
   at Grpc.Core.Channel.ConnectAsync(Nullable`1 deadline)
   at SkyApm.Transport.Grpc.ConnectionManager.ConnectAsync()
2022-04-24 13:55:51.145 +04:30 [Accounting] [Information] SkyApm.Transport.Grpc.ConnectionManager : Shutdown connection[192.168.0.1:11800].
2022-04-24 13:56:01.182 +04:30 [Accounting] [Error] SkyApm.Transport.Grpc.ConnectionManager : Connect server timeout.
System.Threading.Tasks.TaskCanceledException: Reached deadline.
   at Grpc.Core.Channel.WaitForStateChangedAsync(ChannelState lastObservedState, Nullable`1 deadline)
   at Grpc.Core.Channel.ConnectAsync(Nullable`1 deadline)
   at SkyApm.Transport.Grpc.ConnectionManager.ConnectAsync()
2022-04-24 14:40:45.053 +04:30 [Accounting] [Information] SkyApm.InstrumentStartup : Initializing ...
2022-04-24 14:40:45.082 +04:30 [Accounting] [Information] SkyApm.Service.RegisterService : Loaded instrument service [SkyApm.Service.RegisterService].
2022-04-24 14:40:45.082 +04:30 [Accounting] [Information] SkyApm.Service.PingService : Loaded instrument service [SkyApm.Service.PingService].
2022-04-24 14:40:45.082 +04:30 [Accounting] [Information] SkyApm.Service.SegmentReportService : Loaded instrument service [SkyApm.Service.SegmentReportService].
2022-04-24 14:40:45.082 +04:30 [Accounting] [Information] SkyApm.Service.CLRStatsService : Loaded instrument service [SkyApm.Service.CLRStatsService].
2022-04-24 14:40:45.082 +04:30 [Accounting] [Information] SkyApm.Sampling.SimpleCountSamplingInterceptor : Loaded instrument service [SkyApm.Sampling.SimpleCountSamplingInterceptor].
2022-04-24 14:40:45.083 +04:30 [Accounting] [Information] SkyApm.Transport.Grpc.ConnectService : Loaded instrument service [SkyApm.Transport.Grpc.ConnectService].
2022-04-24 14:40:45.122 +04:30 [Accounting] [Information] SkyApm.Diagnostics.TracingDiagnosticProcessorObserver : Loaded diagnostic listener [Microsoft.AspNetCore].
2022-04-24 14:40:45.122 +04:30 [Accounting] [Information] SkyApm.InstrumentStartup : Started SkyAPM .NET Core Agent.
2022-04-24 14:40:55.231 +04:30 [Accounting] [Error] SkyApm.Transport.Grpc.ConnectionManager : Connect server timeout.
System.Threading.Tasks.TaskCanceledException: Reached deadline.
   at Grpc.Core.Channel.WaitForStateChangedAsync(ChannelState lastObservedState, Nullable`1 deadline)
   at Grpc.Core.Channel.ConnectAsync(Nullable`1 deadline)
   at SkyApm.Transport.Grpc.ConnectionManager.ConnectAsync()
2022-04-24 14:41:00.108 +04:30 [Accounting] [Information] SkyApm.Transport.Grpc.ConnectionManager : Shutdown connection[192.168.0.1:11800].
2022-04-24 14:41:10.114 +04:30 [Accounting] [Error] SkyApm.Transport.Grpc.ConnectionManager : Connect server timeout.
System.Threading.Tasks.TaskCanceledException: Reached deadline.
   at Grpc.Core.Channel.WaitForStateChangedAsync(ChannelState lastObservedState, Nullable`1 deadline)
   at Grpc.Core.Channel.ConnectAsync(Nullable`1 deadline)
   at SkyApm.Transport.Grpc.ConnectionManager.ConnectAsync()
2022-04-24 14:41:15.093 +04:30 [Accounting] [Information] SkyApm.Transport.Grpc.ConnectionManager : Shutdown connection[192.168.0.1:11800].
2022-04-24 14:41:25.199 +04:30 [Accounting] [Error] SkyApm.Transport.Grpc.ConnectionManager : Connect server timeout.
System.Threading.Tasks.TaskCanceledException: Reached deadline.
   at Grpc.Core.Channel.WaitForStateChangedAsync(ChannelState lastObservedState, Nullable`1 deadline)
   at Grpc.Core.Channel.ConnectAsync(Nullable`1 deadline)
   at SkyApm.Transport.Grpc.ConnectionManager.ConnectAsync()
2022-04-24 14:41:30.079 +04:30 [Accounting] [Information] SkyApm.Transport.Grpc.ConnectionManager : Shutdown connection[192.168.0.1:11800].
2022-04-24 14:41:40.087 +04:30 [Accounting] [Error] SkyApm.Transport.Grpc.ConnectionManager : Connect server timeout.
System.Threading.Tasks.TaskCanceledException: Reached deadline.
   at Grpc.Core.Channel.WaitForStateChangedAsync(ChannelState lastObservedState, Nullable`1 deadline)
   at Grpc.Core.Channel.ConnectAsync(Nullable`1 deadline)
   at SkyApm.Transport.Grpc.ConnectionManager.ConnectAsync()
2022-04-24 14:41:45.088 +04:30 [Accounting] [Information] SkyApm.Transport.Grpc.ConnectionManager : Shutdown connection[192.168.0.1:11800].
2022-04-24 14:41:51.528 +04:30 [Accounting] [Information] SkyApm.Diagnostics.TracingDiagnosticProcessorObserver : Loaded diagnostic listener [Microsoft.EntityFrameworkCore].
2022-04-24 14:41:52.127 +04:30 [Accounting] [Information] SkyApm.Diagnostics.TracingDiagnosticProcessorObserver : Loaded diagnostic listener [SqlClientDiagnosticListener].
2022-04-24 14:41:52.313 +04:30 [Accounting] [Information] SkyApm.Diagnostics.TracingDiagnosticProcessorObserver : Loaded diagnostic listener [SqlClientDiagnosticListener].
2022-04-24 14:41:52.361 +04:30 [Accounting] [Information] SkyApm.Diagnostics.TracingDiagnosticProcessorObserver : Loaded diagnostic listener [SqlClientDiagnosticListener].
2022-04-24 14:41:55.096 +04:30 [Accounting] [Error] SkyApm.Transport.Grpc.ConnectionManager : Connect server timeout.
System.Threading.Tasks.TaskCanceledException: Reached deadline.
   at Grpc.Core.Channel.WaitForStateChangedAsync(ChannelState lastObservedState, Nullable`1 deadline)
   at Grpc.Core.Channel.ConnectAsync(Nullable`1 deadline)
   at SkyApm.Transport.Grpc.ConnectionManager.ConnectAsync()
2022-04-24 14:42:00.080 +04:30 [Accounting] [Information] SkyApm.Transport.Grpc.ConnectionManager : Shutdown connection[192.168.0.1:11800].
2022-04-24 14:42:10.098 +04:30 [Accounting] [Error] SkyApm.Transport.Grpc.ConnectionManager : Connect server timeout.
System.Threading.Tasks.TaskCanceledException: Reached deadline.
   at Grpc.Core.Channel.WaitForStateChangedAsync(ChannelState lastObservedState, Nullable`1 deadline)
   at Grpc.Core.Channel.ConnectAsync(Nullable`1 deadline)
   at SkyApm.Transport.Grpc.ConnectionManager.ConnectAsync()
2022-04-24 14:42:15.074 +04:30 [Accounting] [Information] SkyApm.Transport.Grpc.ConnectionManager : Shutdown connection[192.168.0.1:11800].
2022-04-24 14:42:25.088 +04:30 [Accounting] [Error] SkyApm.Transport.Grpc.ConnectionManager : Connect server timeout.
System.Threading.Tasks.TaskCanceledException: Reached deadline.
   at Grpc.Core.Channel.WaitForStateChangedAsync(ChannelState lastObservedState, Nullable`1 deadline)
   at Grpc.Core.Channel.ConnectAsync(Nullable`1 deadline)
   at SkyApm.Transport.Grpc.ConnectionManager.ConnectAsync()
2022-04-24 14:42:30.082 +04:30 [Accounting] [Information] SkyApm.Transport.Grpc.ConnectionManager : Shutdown connection[192.168.0.1:11800].
2022-04-24 14:42:40.092 +04:30 [Accounting] [Error] SkyApm.Transport.Grpc.ConnectionManager : Connect server timeout.
System.Threading.Tasks.TaskCanceledException: Reached deadline.
   at Grpc.Core.Channel.WaitForStateChangedAsync(ChannelState lastObservedState, Nullable`1 deadline)
   at Grpc.Core.Channel.ConnectAsync(Nullable`1 deadline)
   at SkyApm.Transport.Grpc.ConnectionManager.ConnectAsync()
2022-04-24 14:42:45.071 +04:30 [Accounting] [Information] SkyApm.Transport.Grpc.ConnectionManager : Shutdown connection[192.168.0.1:11800].
2022-04-24 14:42:55.091 +04:30 [Accounting] [Error] SkyApm.Transport.Grpc.ConnectionManager : Connect server timeout.
System.Threading.Tasks.TaskCanceledException: Reached deadline.
   at Grpc.Core.Channel.WaitForStateChangedAsync(ChannelState lastObservedState, Nullable`1 deadline)
   at Grpc.Core.Channel.ConnectAsync(Nullable`1 deadline)
   at SkyApm.Transport.Grpc.ConnectionManager.ConnectAsync()
2022-04-24 14:43:00.068 +04:30 [Accounting] [Information] SkyApm.Transport.Grpc.ConnectionManager : Shutdown connection[192.168.0.1:11800].
2022-04-24 14:43:10.072 +04:30 [Accounting] [Error] SkyApm.Transport.Grpc.ConnectionManager : Connect server timeout.
System.Threading.Tasks.TaskCanceledException: Reached deadline.
   at Grpc.Core.Channel.WaitForStateChangedAsync(ChannelState lastObservedState, Nullable`1 deadline)
   at Grpc.Core.Channel.ConnectAsync(Nullable`1 deadline)
   at SkyApm.Transport.Grpc.ConnectionManager.ConnectAsync()
2022-04-24 14:43:15.080 +04:30 [Accounting] [Information] SkyApm.Transport.Grpc.ConnectionManager : Shutdown connection[192.168.0.1:11800].
2022-04-24 14:43:25.101 +04:30 [Accounting] [Error] SkyApm.Transport.Grpc.ConnectionManager : Connect server timeout.
System.Threading.Tasks.TaskCanceledException: Reached deadline.
   at Grpc.Core.Channel.WaitForStateChangedAsync(ChannelState lastObservedState, Nullable`1 deadline)
   at Grpc.Core.Channel.ConnectAsync(Nullable`1 deadline)
   at SkyApm.Transport.Grpc.ConnectionManager.ConnectAsync()
2022-04-24 14:43:30.075 +04:30 [Accounting] [Information] SkyApm.Transport.Grpc.ConnectionManager : Shutdown connection[192.168.0.1:11800].
2022-04-24 14:43:40.091 +04:30 [Accounting] [Error] SkyApm.Transport.Grpc.ConnectionManager : Connect server timeout.
System.Threading.Tasks.TaskCanceledException: Reached deadline.
   at Grpc.Core.Channel.WaitForStateChangedAsync(ChannelState lastObservedState, Nullable`1 deadline)
   at Grpc.Core.Channel.ConnectAsync(Nullable`1 deadline)
   at SkyApm.Transport.Grpc.ConnectionManager.ConnectAsync()
2022-04-24 14:43:45.063 +04:30 [Accounting] [Information] SkyApm.Transport.Grpc.ConnectionManager : Shutdown connection[192.168.0.1:11800].
2022-04-24 14:43:55.074 +04:30 [Accounting] [Error] SkyApm.Transport.Grpc.ConnectionManager : Connect server timeout.
System.Threading.Tasks.TaskCanceledException: Reached deadline.
   at Grpc.Core.Channel.WaitForStateChangedAsync(ChannelState lastObservedState, Nullable`1 deadline)
   at Grpc.Core.Channel.ConnectAsync(Nullable`1 deadline)
   at SkyApm.Transport.Grpc.ConnectionManager.ConnectAsync()
2022-04-24 14:44:00.072 +04:30 [Accounting] [Information] SkyApm.Transport.Grpc.ConnectionManager : Shutdown connection[192.168.0.1:11800].
2022-04-24 14:44:10.080 +04:30 [Accounting] [Error] SkyApm.Transport.Grpc.ConnectionManager : Connect server timeout.
System.Threading.Tasks.TaskCanceledException: Reached deadline.
   at Grpc.Core.Channel.WaitForStateChangedAsync(ChannelState lastObservedState, Nullable`1 deadline)
   at Grpc.Core.Channel.ConnectAsync(Nullable`1 deadline)
   at SkyApm.Transport.Grpc.ConnectionManager.ConnectAsync()
2022-04-24 14:44:15.062 +04:30 [Accounting] [Information] SkyApm.Transport.Grpc.ConnectionManager : Shutdown connection[192.168.0.1:11800].
2022-04-24 14:44:25.080 +04:30 [Accounting] [Error] SkyApm.Transport.Grpc.ConnectionManager : Connect server timeout.
System.Threading.Tasks.TaskCanceledException: Reached deadline.
   at Grpc.Core.Channel.WaitForStateChangedAsync(ChannelState lastObservedState, Nullable`1 deadline)
   at Grpc.Core.Channel.ConnectAsync(Nullable`1 deadline)
   at SkyApm.Transport.Grpc.ConnectionManager.ConnectAsync()
2022-04-24 14:44:30.062 +04:30 [Accounting] [Information] SkyApm.Transport.Grpc.ConnectionManager : Shutdown connection[192.168.0.1:11800].
2022-04-24 14:44:40.078 +04:30 [Accounting] [Error] SkyApm.Transport.Grpc.ConnectionManager : Connect server timeout.
System.Threading.Tasks.TaskCanceledException: Reached deadline.
   at Grpc.Core.Channel.WaitForStateChangedAsync(ChannelState lastObservedState, Nullable`1 deadline)
   at Grpc.Core.Channel.ConnectAsync(Nullable`1 deadline)
   at SkyApm.Transport.Grpc.ConnectionManager.ConnectAsync()
2022-04-24 14:44:45.071 +04:30 [Accounting] [Information] SkyApm.Transport.Grpc.ConnectionManager : Shutdown connection[192.168.0.1:11800].
2022-04-24 14:44:55.083 +04:30 [Accounting] [Error] SkyApm.Transport.Grpc.ConnectionManager : Connect server timeout.
System.Threading.Tasks.TaskCanceledException: Reached deadline.
   at Grpc.Core.Channel.WaitForStateChangedAsync(ChannelState lastObservedState, Nullable`1 deadline)
   at Grpc.Core.Channel.ConnectAsync(Nullable`1 deadline)
   at SkyApm.Transport.Grpc.ConnectionManager.ConnectAsync()
2022-04-24 14:45:00.074 +04:30 [Accounting] [Information] SkyApm.Transport.Grpc.ConnectionManager : Shutdown connection[192.168.0.1:11800].
2022-04-24 14:45:17.525 +04:30 [Accounting] [Information] SkyApm.InstrumentStartup : Initializing ...
2022-04-24 14:45:17.561 +04:30 [Accounting] [Information] SkyApm.Service.RegisterService : Loaded instrument service [SkyApm.Service.RegisterService].
2022-04-24 14:45:17.569 +04:30 [Accounting] [Information] SkyApm.Service.PingService : Loaded instrument service [SkyApm.Service.PingService].
2022-04-24 14:45:17.569 +04:30 [Accounting] [Information] SkyApm.Service.SegmentReportService : Loaded instrument service [SkyApm.Service.SegmentReportService].
2022-04-24 14:45:17.569 +04:30 [Accounting] [Information] SkyApm.Service.CLRStatsService : Loaded instrument service [SkyApm.Service.CLRStatsService].
2022-04-24 14:45:17.569 +04:30 [Accounting] [Information] SkyApm.Sampling.SimpleCountSamplingInterceptor : Loaded instrument service [SkyApm.Sampling.SimpleCountSamplingInterceptor].
2022-04-24 14:45:17.570 +04:30 [Accounting] [Information] SkyApm.Transport.Grpc.ConnectService : Loaded instrument service [SkyApm.Transport.Grpc.ConnectService].
2022-04-24 14:45:17.642 +04:30 [Accounting] [Information] SkyApm.Diagnostics.TracingDiagnosticProcessorObserver : Loaded diagnostic listener [Microsoft.AspNetCore].
2022-04-24 14:45:17.643 +04:30 [Accounting] [Information] SkyApm.InstrumentStartup : Started SkyAPM .NET Core Agent.
2022-04-24 14:45:28.145 +04:30 [Accounting] [Error] SkyApm.Transport.Grpc.ConnectionManager : Connect server timeout.
System.Threading.Tasks.TaskCanceledException: Reached deadline.
   at Grpc.Core.Channel.WaitForStateChangedAsync(ChannelState lastObservedState, Nullable`1 deadline)
   at Grpc.Core.Channel.ConnectAsync(Nullable`1 deadline)
   at SkyApm.Transport.Grpc.ConnectionManager.ConnectAsync()
2022-04-24 14:45:32.610 +04:30 [Accounting] [Information] SkyApm.Transport.Grpc.ConnectionManager : Shutdown connection[192.168.0.1:11800].
2022-04-24 14:45:42.638 +04:30 [Accounting] [Error] SkyApm.Transport.Grpc.ConnectionManager : Connect server timeout.
System.Threading.Tasks.TaskCanceledException: Reached deadline.
   at Grpc.Core.Channel.WaitForStateChangedAsync(ChannelState lastObservedState, Nullable`1 deadline)
   at Grpc.Core.Channel.ConnectAsync(Nullable`1 deadline)
   at SkyApm.Transport.Grpc.ConnectionManager.ConnectAsync()
2022-04-24 14:45:47.588 +04:30 [Accounting] [Information] SkyApm.Transport.Grpc.ConnectionManager : Shutdown connection[192.168.0.1:11800].
2022-04-24 14:45:57.627 +04:30 [Accounting] [Error] SkyApm.Transport.Grpc.ConnectionManager : Connect server timeout.
System.Threading.Tasks.TaskCanceledException: Reached deadline.
   at Grpc.Core.Channel.WaitForStateChangedAsync(ChannelState lastObservedState, Nullable`1 deadline)
   at Grpc.Core.Channel.ConnectAsync(Nullable`1 deadline)
   at SkyApm.Transport.Grpc.ConnectionManager.ConnectAsync()
2022-04-24 14:46:02.579 +04:30 [Accounting] [Information] SkyApm.Transport.Grpc.ConnectionManager : Shutdown connection[192.168.0.1:11800].
2022-04-24 14:46:12.611 +04:30 [Accounting] [Error] SkyApm.Transport.Grpc.ConnectionManager : Connect server timeout.
System.Threading.Tasks.TaskCanceledException: Reached deadline.
   at Grpc.Core.Channel.WaitForStateChangedAsync(ChannelState lastObservedState, Nullable`1 deadline)
   at Grpc.Core.Channel.ConnectAsync(Nullable`1 deadline)
   at SkyApm.Transport.Grpc.ConnectionManager.ConnectAsync()
2022-04-24 14:46:17.578 +04:30 [Accounting] [Information] SkyApm.Transport.Grpc.ConnectionManager : Shutdown connection[192.168.0.1:11800].
2022-04-24 14:46:27.615 +04:30 [Accounting] [Error] SkyApm.Transport.Grpc.ConnectionManager : Connect server timeout.
System.Threading.Tasks.TaskCanceledException: Reached deadline.
   at Grpc.Core.Channel.WaitForStateChangedAsync(ChannelState lastObservedState, Nullable`1 deadline)
   at Grpc.Core.Channel.ConnectAsync(Nullable`1 deadline)
   at SkyApm.Transport.Grpc.ConnectionManager.ConnectAsync()
2022-04-24 14:46:32.713 +04:30 [Accounting] [Information] SkyApm.Transport.Grpc.ConnectionManager : Shutdown connection[192.168.0.1:11800].
2022-04-24 14:46:42.807 +04:30 [Accounting] [Error] SkyApm.Transport.Grpc.ConnectionManager : Connect server timeout.
System.Threading.Tasks.TaskCanceledException: Reached deadline.
   at Grpc.Core.Channel.WaitForStateChangedAsync(ChannelState lastObservedState, Nullable`1 deadline)
   at Grpc.Core.Channel.ConnectAsync(Nullable`1 deadline)
   at SkyApm.Transport.Grpc.ConnectionManager.ConnectAsync()
2022-04-24 14:46:51.085 +04:30 [Accounting] [Information] SkyApm.Transport.Grpc.ConnectionManager : Shutdown connection[192.168.0.1:11800].
2022-04-24 14:46:51.648 +04:30 [Accounting] [Information] SkyApm.Diagnostics.TracingDiagnosticProcessorObserver : Loaded diagnostic listener [Microsoft.EntityFrameworkCore].
2022-04-24 14:46:52.296 +04:30 [Accounting] [Information] SkyApm.Diagnostics.TracingDiagnosticProcessorObserver : Loaded diagnostic listener [SqlClientDiagnosticListener].
2022-04-24 14:46:52.748 +04:30 [Accounting] [Information] SkyApm.Diagnostics.TracingDiagnosticProcessorObserver : Loaded diagnostic listener [SqlClientDiagnosticListener].
2022-04-24 14:46:52.811 +04:30 [Accounting] [Information] SkyApm.Diagnostics.TracingDiagnosticProcessorObserver : Loaded diagnostic listener [SqlClientDiagnosticListener].
2022-04-24 14:47:01.603 +04:30 [Accounting] [Error] SkyApm.Transport.Grpc.ConnectionManager : Connect server timeout.
System.Threading.Tasks.TaskCanceledException: Reached deadline.
   at Grpc.Core.Channel.WaitForStateChangedAsync(ChannelState lastObservedState, Nullable`1 deadline)
   at Grpc.Core.Channel.ConnectAsync(Nullable`1 deadline)
   at SkyApm.Transport.Grpc.ConnectionManager.ConnectAsync()
2022-04-24 14:47:02.768 +04:30 [Accounting] [Information] SkyApm.Transport.Grpc.ConnectionManager : Shutdown connection[192.168.0.1:11800].
2022-04-24 14:47:14.610 +04:30 [Accounting] [Error] SkyApm.Transport.Grpc.ConnectionManager : Connect server timeout.
System.Threading.Tasks.TaskCanceledException: Reached deadline.
   at Grpc.Core.Channel.WaitForStateChangedAsync(ChannelState lastObservedState, Nullable`1 deadline)
   at Grpc.Core.Channel.ConnectAsync(Nullable`1 deadline)
   at SkyApm.Transport.Grpc.ConnectionManager.ConnectAsync()
2022-04-24 14:47:17.606 +04:30 [Accounting] [Information] SkyApm.Transport.Grpc.ConnectionManager : Shutdown connection[192.168.0.1:11800].
2022-04-24 14:47:27.647 +04:30 [Accounting] [Error] SkyApm.Transport.Grpc.ConnectionManager : Connect server timeout.
System.Threading.Tasks.TaskCanceledException: Reached deadline.
   at Grpc.Core.Channel.WaitForStateChangedAsync(ChannelState lastObservedState, Nullable`1 deadline)
   at Grpc.Core.Channel.ConnectAsync(Nullable`1 deadline)
   at SkyApm.Transport.Grpc.ConnectionManager.ConnectAsync()
2022-04-24 14:47:32.601 +04:30 [Accounting] [Information] SkyApm.Transport.Grpc.ConnectionManager : Shutdown connection[192.168.0.1:11800].
2022-04-24 14:47:42.645 +04:30 [Accounting] [Error] SkyApm.Transport.Grpc.ConnectionManager : Connect server timeout.
System.Threading.Tasks.TaskCanceledException: Reached deadline.
   at Grpc.Core.Channel.WaitForStateChangedAsync(ChannelState lastObservedState, Nullable`1 deadline)
   at Grpc.Core.Channel.ConnectAsync(Nullable`1 deadline)
   at SkyApm.Transport.Grpc.ConnectionManager.ConnectAsync()
2022-04-24 14:47:47.583 +04:30 [Accounting] [Information] SkyApm.Transport.Grpc.ConnectionManager : Shutdown connection[192.168.0.1:11800].
2022-04-24 14:47:57.620 +04:30 [Accounting] [Error] SkyApm.Transport.Grpc.ConnectionManager : Connect server timeout.
System.Threading.Tasks.TaskCanceledException: Reached deadline.
   at Grpc.Core.Channel.WaitForStateChangedAsync(ChannelState lastObservedState, Nullable`1 deadline)
   at Grpc.Core.Channel.ConnectAsync(Nullable`1 deadline)
   at SkyApm.Transport.Grpc.ConnectionManager.ConnectAsync()
2022-04-24 14:48:02.576 +04:30 [Accounting] [Information] SkyApm.Transport.Grpc.ConnectionManager : Shutdown connection[192.168.0.1:11800].
2022-04-24 14:48:12.616 +04:30 [Accounting] [Error] SkyApm.Transport.Grpc.ConnectionManager : Connect server timeout.
System.Threading.Tasks.TaskCanceledException: Reached deadline.
   at Grpc.Core.Channel.WaitForStateChangedAsync(ChannelState lastObservedState, Nullable`1 deadline)
   at Grpc.Core.Channel.ConnectAsync(Nullable`1 deadline)
   at SkyApm.Transport.Grpc.ConnectionManager.ConnectAsync()
2022-04-24 14:48:17.613 +04:30 [Accounting] [Information] SkyApm.Transport.Grpc.ConnectionManager : Shutdown connection[192.168.0.1:11800].
2022-04-24 14:50:28.808 +04:30 [Accounting] [Information] SkyApm.InstrumentStartup : Initializing ...
2022-04-24 14:50:29.000 +04:30 [Accounting] [Information] SkyApm.Service.RegisterService : Loaded instrument service [SkyApm.Service.RegisterService].
2022-04-24 14:50:29.000 +04:30 [Accounting] [Information] SkyApm.Service.PingService : Loaded instrument service [SkyApm.Service.PingService].
2022-04-24 14:50:29.001 +04:30 [Accounting] [Information] SkyApm.Service.SegmentReportService : Loaded instrument service [SkyApm.Service.SegmentReportService].
2022-04-24 14:50:29.001 +04:30 [Accounting] [Information] SkyApm.Service.CLRStatsService : Loaded instrument service [SkyApm.Service.CLRStatsService].
2022-04-24 14:50:29.001 +04:30 [Accounting] [Information] SkyApm.Sampling.SimpleCountSamplingInterceptor : Loaded instrument service [SkyApm.Sampling.SimpleCountSamplingInterceptor].
2022-04-24 14:50:29.001 +04:30 [Accounting] [Information] SkyApm.Transport.Grpc.ConnectService : Loaded instrument service [SkyApm.Transport.Grpc.ConnectService].
2022-04-24 14:50:29.063 +04:30 [Accounting] [Information] SkyApm.Diagnostics.TracingDiagnosticProcessorObserver : Loaded diagnostic listener [Microsoft.AspNetCore].
2022-04-24 14:50:29.063 +04:30 [Accounting] [Information] SkyApm.InstrumentStartup : Started SkyAPM .NET Core Agent.
2022-04-24 14:50:40.712 +04:30 [Accounting] [Error] SkyApm.Transport.Grpc.ConnectionManager : Connect server timeout.
System.Threading.Tasks.TaskCanceledException: Reached deadline.
   at Grpc.Core.Channel.WaitForStateChangedAsync(ChannelState lastObservedState, Nullable`1 deadline)
   at Grpc.Core.Channel.ConnectAsync(Nullable`1 deadline)
   at SkyApm.Transport.Grpc.ConnectionManager.ConnectAsync()
2022-04-24 14:50:44.045 +04:30 [Accounting] [Information] SkyApm.Transport.Grpc.ConnectionManager : Shutdown connection[192.168.0.1:11800].
2022-04-24 14:50:54.076 +04:30 [Accounting] [Error] SkyApm.Transport.Grpc.ConnectionManager : Connect server timeout.
System.Threading.Tasks.TaskCanceledException: Reached deadline.
   at Grpc.Core.Channel.WaitForStateChangedAsync(ChannelState lastObservedState, Nullable`1 deadline)
   at Grpc.Core.Channel.ConnectAsync(Nullable`1 deadline)
   at SkyApm.Transport.Grpc.ConnectionManager.ConnectAsync()
2022-04-24 14:50:59.019 +04:30 [Accounting] [Information] SkyApm.Transport.Grpc.ConnectionManager : Shutdown connection[192.168.0.1:11800].
2022-04-24 14:51:09.043 +04:30 [Accounting] [Error] SkyApm.Transport.Grpc.ConnectionManager : Connect server timeout.
System.Threading.Tasks.TaskCanceledException: Reached deadline.
   at Grpc.Core.Channel.WaitForStateChangedAsync(ChannelState lastObservedState, Nullable`1 deadline)
   at Grpc.Core.Channel.ConnectAsync(Nullable`1 deadline)
   at SkyApm.Transport.Grpc.ConnectionManager.ConnectAsync()
2022-04-24 14:51:14.023 +04:30 [Accounting] [Information] SkyApm.Transport.Grpc.ConnectionManager : Shutdown connection[192.168.0.1:11800].
2022-04-24 14:51:24.057 +04:30 [Accounting] [Error] SkyApm.Transport.Grpc.ConnectionManager : Connect server timeout.
System.Threading.Tasks.TaskCanceledException: Reached deadline.
   at Grpc.Core.Channel.WaitForStateChangedAsync(ChannelState lastObservedState, Nullable`1 deadline)
   at Grpc.Core.Channel.ConnectAsync(Nullable`1 deadline)
   at SkyApm.Transport.Grpc.ConnectionManager.ConnectAsync()
2022-04-24 14:51:29.025 +04:30 [Accounting] [Information] SkyApm.Transport.Grpc.ConnectionManager : Shutdown connection[192.168.0.1:11800].
2022-04-24 14:51:39.062 +04:30 [Accounting] [Error] SkyApm.Transport.Grpc.ConnectionManager : Connect server timeout.
System.Threading.Tasks.TaskCanceledException: Reached deadline.
   at Grpc.Core.Channel.WaitForStateChangedAsync(ChannelState lastObservedState, Nullable`1 deadline)
   at Grpc.Core.Channel.ConnectAsync(Nullable`1 deadline)
   at SkyApm.Transport.Grpc.ConnectionManager.ConnectAsync()
2022-04-24 14:51:44.017 +04:30 [Accounting] [Information] SkyApm.Transport.Grpc.ConnectionManager : Shutdown connection[192.168.0.1:11800].
2022-04-24 14:51:54.055 +04:30 [Accounting] [Error] SkyApm.Transport.Grpc.ConnectionManager : Connect server timeout.
System.Threading.Tasks.TaskCanceledException: Reached deadline.
   at Grpc.Core.Channel.WaitForStateChangedAsync(ChannelState lastObservedState, Nullable`1 deadline)
   at Grpc.Core.Channel.ConnectAsync(Nullable`1 deadline)
   at SkyApm.Transport.Grpc.ConnectionManager.ConnectAsync()
2022-04-24 14:51:59.017 +04:30 [Accounting] [Information] SkyApm.Transport.Grpc.ConnectionManager : Shutdown connection[192.168.0.1:11800].
2022-04-24 14:52:03.168 +04:30 [Accounting] [Information] SkyApm.Diagnostics.TracingDiagnosticProcessorObserver : Loaded diagnostic listener [Microsoft.EntityFrameworkCore].
2022-04-24 14:52:04.055 +04:30 [Accounting] [Information] SkyApm.Diagnostics.TracingDiagnosticProcessorObserver : Loaded diagnostic listener [SqlClientDiagnosticListener].
2022-04-24 14:52:04.600 +04:30 [Accounting] [Information] SkyApm.Diagnostics.TracingDiagnosticProcessorObserver : Loaded diagnostic listener [SqlClientDiagnosticListener].
2022-04-24 14:52:04.656 +04:30 [Accounting] [Information] SkyApm.Diagnostics.TracingDiagnosticProcessorObserver : Loaded diagnostic listener [SqlClientDiagnosticListener].
2022-04-24 14:52:09.056 +04:30 [Accounting] [Error] SkyApm.Transport.Grpc.ConnectionManager : Connect server timeout.
System.Threading.Tasks.TaskCanceledException: Reached deadline.
   at Grpc.Core.Channel.WaitForStateChangedAsync(ChannelState lastObservedState, Nullable`1 deadline)
   at Grpc.Core.Channel.ConnectAsync(Nullable`1 deadline)
   at SkyApm.Transport.Grpc.ConnectionManager.ConnectAsync()
2022-04-24 14:52:14.028 +04:30 [Accounting] [Information] SkyApm.Transport.Grpc.ConnectionManager : Shutdown connection[192.168.0.1:11800].
2022-04-24 14:52:24.056 +04:30 [Accounting] [Error] SkyApm.Transport.Grpc.ConnectionManager : Connect server timeout.
System.Threading.Tasks.TaskCanceledException: Reached deadline.
   at Grpc.Core.Channel.WaitForStateChangedAsync(ChannelState lastObservedState, Nullable`1 deadline)
   at Grpc.Core.Channel.ConnectAsync(Nullable`1 deadline)
   at SkyApm.Transport.Grpc.ConnectionManager.ConnectAsync()
2022-04-24 14:52:29.028 +04:30 [Accounting] [Information] SkyApm.Transport.Grpc.ConnectionManager : Shutdown connection[192.168.0.1:11800].
2022-04-24 14:52:39.056 +04:30 [Accounting] [Error] SkyApm.Transport.Grpc.ConnectionManager : Connect server timeout.
System.Threading.Tasks.TaskCanceledException: Reached deadline.
   at Grpc.Core.Channel.WaitForStateChangedAsync(ChannelState lastObservedState, Nullable`1 deadline)
   at Grpc.Core.Channel.ConnectAsync(Nullable`1 deadline)
   at SkyApm.Transport.Grpc.ConnectionManager.ConnectAsync()
2022-04-24 14:52:44.020 +04:30 [Accounting] [Information] SkyApm.Transport.Grpc.ConnectionManager : Shutdown connection[192.168.0.1:11800].
2022-04-24 14:52:54.060 +04:30 [Accounting] [Error] SkyApm.Transport.Grpc.ConnectionManager : Connect server timeout.
System.Threading.Tasks.TaskCanceledException: Reached deadline.
   at Grpc.Core.Channel.WaitForStateChangedAsync(ChannelState lastObservedState, Nullable`1 deadline)
   at Grpc.Core.Channel.ConnectAsync(Nullable`1 deadline)
   at SkyApm.Transport.Grpc.ConnectionManager.ConnectAsync()
2022-04-24 14:52:59.020 +04:30 [Accounting] [Information] SkyApm.Transport.Grpc.ConnectionManager : Shutdown connection[192.168.0.1:11800].
2022-04-24 14:53:22.708 +04:30 [Accounting] [Information] SkyApm.InstrumentStartup : Initializing ...
2022-04-24 14:53:22.745 +04:30 [Accounting] [Information] SkyApm.Service.RegisterService : Loaded instrument service [SkyApm.Service.RegisterService].
2022-04-24 14:53:22.752 +04:30 [Accounting] [Information] SkyApm.Service.PingService : Loaded instrument service [SkyApm.Service.PingService].
2022-04-24 14:53:22.752 +04:30 [Accounting] [Information] SkyApm.Service.SegmentReportService : Loaded instrument service [SkyApm.Service.SegmentReportService].
2022-04-24 14:53:22.752 +04:30 [Accounting] [Information] SkyApm.Service.CLRStatsService : Loaded instrument service [SkyApm.Service.CLRStatsService].
2022-04-24 14:53:22.752 +04:30 [Accounting] [Information] SkyApm.Sampling.SimpleCountSamplingInterceptor : Loaded instrument service [SkyApm.Sampling.SimpleCountSamplingInterceptor].
2022-04-24 14:53:22.752 +04:30 [Accounting] [Information] SkyApm.Transport.Grpc.ConnectService : Loaded instrument service [SkyApm.Transport.Grpc.ConnectService].
2022-04-24 14:53:22.814 +04:30 [Accounting] [Information] SkyApm.Diagnostics.TracingDiagnosticProcessorObserver : Loaded diagnostic listener [Microsoft.AspNetCore].
2022-04-24 14:53:22.814 +04:30 [Accounting] [Information] SkyApm.InstrumentStartup : Started SkyAPM .NET Core Agent.
2022-04-24 14:53:32.969 +04:30 [Accounting] [Error] SkyApm.Transport.Grpc.ConnectionManager : Connect server timeout.
System.Threading.Tasks.TaskCanceledException: Reached deadline.
   at Grpc.Core.Channel.WaitForStateChangedAsync(ChannelState lastObservedState, Nullable`1 deadline)
   at Grpc.Core.Channel.ConnectAsync(Nullable`1 deadline)
   at SkyApm.Transport.Grpc.ConnectionManager.ConnectAsync()
2022-04-24 14:53:33.403 +04:30 [Accounting] [Information] SkyApm.Diagnostics.TracingDiagnosticProcessorObserver : Loaded diagnostic listener [Microsoft.EntityFrameworkCore].
2022-04-24 14:53:34.096 +04:30 [Accounting] [Information] SkyApm.Diagnostics.TracingDiagnosticProcessorObserver : Loaded diagnostic listener [SqlClientDiagnosticListener].
2022-04-24 14:53:34.353 +04:30 [Accounting] [Information] SkyApm.Diagnostics.TracingDiagnosticProcessorObserver : Loaded diagnostic listener [SqlClientDiagnosticListener].
2022-04-24 14:53:34.417 +04:30 [Accounting] [Information] SkyApm.Diagnostics.TracingDiagnosticProcessorObserver : Loaded diagnostic listener [SqlClientDiagnosticListener].
2022-04-24 14:53:37.792 +04:30 [Accounting] [Information] SkyApm.Transport.Grpc.ConnectionManager : Shutdown connection[192.168.0.1:11800].
2022-04-24 14:53:47.837 +04:30 [Accounting] [Error] SkyApm.Transport.Grpc.ConnectionManager : Connect server timeout.
System.Threading.Tasks.TaskCanceledException: Reached deadline.
   at Grpc.Core.Channel.WaitForStateChangedAsync(ChannelState lastObservedState, Nullable`1 deadline)
   at Grpc.Core.Channel.ConnectAsync(Nullable`1 deadline)
   at SkyApm.Transport.Grpc.ConnectionManager.ConnectAsync()
2022-04-24 14:53:52.840 +04:30 [Accounting] [Information] SkyApm.Transport.Grpc.ConnectionManager : Shutdown connection[192.168.0.1:11800].
2022-04-24 14:54:02.874 +04:30 [Accounting] [Error] SkyApm.Transport.Grpc.ConnectionManager : Connect server timeout.
System.Threading.Tasks.TaskCanceledException: Reached deadline.
   at Grpc.Core.Channel.WaitForStateChangedAsync(ChannelState lastObservedState, Nullable`1 deadline)
   at Grpc.Core.Channel.ConnectAsync(Nullable`1 deadline)
   at SkyApm.Transport.Grpc.ConnectionManager.ConnectAsync()
2022-04-24 14:54:07.766 +04:30 [Accounting] [Information] SkyApm.Transport.Grpc.ConnectionManager : Shutdown connection[192.168.0.1:11800].
2022-04-24 14:54:17.799 +04:30 [Accounting] [Error] SkyApm.Transport.Grpc.ConnectionManager : Connect server timeout.
System.Threading.Tasks.TaskCanceledException: Reached deadline.
   at Grpc.Core.Channel.WaitForStateChangedAsync(ChannelState lastObservedState, Nullable`1 deadline)
   at Grpc.Core.Channel.ConnectAsync(Nullable`1 deadline)
   at SkyApm.Transport.Grpc.ConnectionManager.ConnectAsync()
2022-04-24 14:54:22.777 +04:30 [Accounting] [Information] SkyApm.Transport.Grpc.ConnectionManager : Shutdown connection[192.168.0.1:11800].
2022-04-24 14:54:40.625 +04:30 [Accounting] [Error] SkyApm.Transport.Grpc.ConnectionManager : Connect server timeout.
System.Threading.Tasks.TaskCanceledException: Reached deadline.
   at Grpc.Core.Channel.WaitForStateChangedAsync(ChannelState lastObservedState, Nullable`1 deadline)
   at Grpc.Core.Channel.ConnectAsync(Nullable`1 deadline)
   at SkyApm.Transport.Grpc.ConnectionManager.ConnectAsync()
2022-04-24 14:54:40.679 +04:30 [Accounting] [Information] SkyApm.Transport.Grpc.ConnectionManager : Shutdown connection[192.168.0.1:11800].
2022-04-24 14:54:50.715 +04:30 [Accounting] [Error] SkyApm.Transport.Grpc.ConnectionManager : Connect server timeout.
System.Threading.Tasks.TaskCanceledException: Reached deadline.
   at Grpc.Core.Channel.WaitForStateChangedAsync(ChannelState lastObservedState, Nullable`1 deadline)
   at Grpc.Core.Channel.ConnectAsync(Nullable`1 deadline)
   at SkyApm.Transport.Grpc.ConnectionManager.ConnectAsync()
2022-04-24 14:54:52.759 +04:30 [Accounting] [Information] SkyApm.Transport.Grpc.ConnectionManager : Shutdown connection[192.168.0.1:11800].
2022-04-24 14:55:02.777 +04:30 [Accounting] [Error] SkyApm.Transport.Grpc.ConnectionManager : Connect server timeout.
System.Threading.Tasks.TaskCanceledException: Reached deadline.
   at Grpc.Core.Channel.WaitForStateChangedAsync(ChannelState lastObservedState, Nullable`1 deadline)
   at Grpc.Core.Channel.ConnectAsync(Nullable`1 deadline)
   at SkyApm.Transport.Grpc.ConnectionManager.ConnectAsync()
2022-04-24 14:56:52.728 +04:30 [Accounting] [Information] SkyApm.InstrumentStartup : Initializing ...
2022-04-24 14:56:52.785 +04:30 [Accounting] [Information] SkyApm.Service.RegisterService : Loaded instrument service [SkyApm.Service.RegisterService].
2022-04-24 14:56:52.795 +04:30 [Accounting] [Information] SkyApm.Service.PingService : Loaded instrument service [SkyApm.Service.PingService].
2022-04-24 14:56:52.795 +04:30 [Accounting] [Information] SkyApm.Service.SegmentReportService : Loaded instrument service [SkyApm.Service.SegmentReportService].
2022-04-24 14:56:52.795 +04:30 [Accounting] [Information] SkyApm.Service.CLRStatsService : Loaded instrument service [SkyApm.Service.CLRStatsService].
2022-04-24 14:56:52.795 +04:30 [Accounting] [Information] SkyApm.Sampling.SimpleCountSamplingInterceptor : Loaded instrument service [SkyApm.Sampling.SimpleCountSamplingInterceptor].
2022-04-24 14:56:52.795 +04:30 [Accounting] [Information] SkyApm.Transport.Grpc.ConnectService : Loaded instrument service [SkyApm.Transport.Grpc.ConnectService].
2022-04-24 14:56:52.866 +04:30 [Accounting] [Information] SkyApm.Diagnostics.TracingDiagnosticProcessorObserver : Loaded diagnostic listener [Microsoft.AspNetCore].
2022-04-24 14:56:52.866 +04:30 [Accounting] [Information] SkyApm.InstrumentStartup : Started SkyAPM .NET Core Agent.
2022-04-24 14:57:03.067 +04:30 [Accounting] [Error] SkyApm.Transport.Grpc.ConnectionManager : Connect server timeout.
System.Threading.Tasks.TaskCanceledException: Reached deadline.
   at Grpc.Core.Channel.WaitForStateChangedAsync(ChannelState lastObservedState, Nullable`1 deadline)
   at Grpc.Core.Channel.ConnectAsync(Nullable`1 deadline)
   at SkyApm.Transport.Grpc.ConnectionManager.ConnectAsync()
2022-04-24 14:57:07.797 +04:30 [Accounting] [Information] SkyApm.Transport.Grpc.ConnectionManager : Shutdown connection[192.168.0.1:11800].
2022-04-24 14:57:17.829 +04:30 [Accounting] [Error] SkyApm.Transport.Grpc.ConnectionManager : Connect server timeout.
System.Threading.Tasks.TaskCanceledException: Reached deadline.
   at Grpc.Core.Channel.WaitForStateChangedAsync(ChannelState lastObservedState, Nullable`1 deadline)
   at Grpc.Core.Channel.ConnectAsync(Nullable`1 deadline)
   at SkyApm.Transport.Grpc.ConnectionManager.ConnectAsync()
2022-04-24 14:57:22.773 +04:30 [Accounting] [Information] SkyApm.Transport.Grpc.ConnectionManager : Shutdown connection[192.168.0.1:11800].
2022-04-24 14:57:32.795 +04:30 [Accounting] [Error] SkyApm.Transport.Grpc.ConnectionManager : Connect server timeout.
System.Threading.Tasks.TaskCanceledException: Reached deadline.
   at Grpc.Core.Channel.WaitForStateChangedAsync(ChannelState lastObservedState, Nullable`1 deadline)
   at Grpc.Core.Channel.ConnectAsync(Nullable`1 deadline)
   at SkyApm.Transport.Grpc.ConnectionManager.ConnectAsync()
2022-04-24 14:57:37.740 +04:30 [Accounting] [Information] SkyApm.Transport.Grpc.ConnectionManager : Shutdown connection[192.168.0.1:11800].
2022-04-24 14:57:48.907 +04:30 [Accounting] [Error] SkyApm.Transport.Grpc.ConnectionManager : Connect server timeout.
System.Threading.Tasks.TaskCanceledException: Reached deadline.
   at Grpc.Core.Channel.WaitForStateChangedAsync(ChannelState lastObservedState, Nullable`1 deadline)
   at Grpc.Core.Channel.ConnectAsync(Nullable`1 deadline)
   at SkyApm.Transport.Grpc.ConnectionManager.ConnectAsync()
2022-04-24 14:57:49.996 +04:30 [Accounting] [Information] SkyApm.Diagnostics.TracingDiagnosticProcessorObserver : Loaded diagnostic listener [Microsoft.EntityFrameworkCore].
2022-04-24 14:57:50.700 +04:30 [Accounting] [Information] SkyApm.Diagnostics.TracingDiagnosticProcessorObserver : Loaded diagnostic listener [SqlClientDiagnosticListener].
2022-04-24 14:57:51.020 +04:30 [Accounting] [Information] SkyApm.Diagnostics.TracingDiagnosticProcessorObserver : Loaded diagnostic listener [SqlClientDiagnosticListener].
2022-04-24 14:57:51.077 +04:30 [Accounting] [Information] SkyApm.Diagnostics.TracingDiagnosticProcessorObserver : Loaded diagnostic listener [SqlClientDiagnosticListener].
2022-04-24 14:57:53.206 +04:30 [Accounting] [Information] SkyApm.Transport.Grpc.ConnectionManager : Shutdown connection[192.168.0.1:11800].
2022-04-24 14:58:05.125 +04:30 [Accounting] [Error] SkyApm.Transport.Grpc.ConnectionManager : Connect server timeout.
System.Threading.Tasks.TaskCanceledException: Reached deadline.
   at Grpc.Core.Channel.WaitForStateChangedAsync(ChannelState lastObservedState, Nullable`1 deadline)
   at Grpc.Core.Channel.ConnectAsync(Nullable`1 deadline)
   at SkyApm.Transport.Grpc.ConnectionManager.ConnectAsync()
2022-04-24 14:58:07.705 +04:30 [Accounting] [Information] SkyApm.Transport.Grpc.ConnectionManager : Shutdown connection[192.168.0.1:11800].
2022-04-24 14:58:17.746 +04:30 [Accounting] [Error] SkyApm.Transport.Grpc.ConnectionManager : Connect server timeout.
System.Threading.Tasks.TaskCanceledException: Reached deadline.
   at Grpc.Core.Channel.WaitForStateChangedAsync(ChannelState lastObservedState, Nullable`1 deadline)
   at Grpc.Core.Channel.ConnectAsync(Nullable`1 deadline)
   at SkyApm.Transport.Grpc.ConnectionManager.ConnectAsync()
2022-04-24 14:58:22.704 +04:30 [Accounting] [Information] SkyApm.Transport.Grpc.ConnectionManager : Shutdown connection[192.168.0.1:11800].
2022-04-24 14:58:32.732 +04:30 [Accounting] [Error] SkyApm.Transport.Grpc.ConnectionManager : Connect server timeout.
System.Threading.Tasks.TaskCanceledException: Reached deadline.
   at Grpc.Core.Channel.WaitForStateChangedAsync(ChannelState lastObservedState, Nullable`1 deadline)
   at Grpc.Core.Channel.ConnectAsync(Nullable`1 deadline)
   at SkyApm.Transport.Grpc.ConnectionManager.ConnectAsync()
2022-04-24 14:58:37.653 +04:30 [Accounting] [Information] SkyApm.Transport.Grpc.ConnectionManager : Shutdown connection[192.168.0.1:11800].
2022-04-24 14:58:47.667 +04:30 [Accounting] [Error] SkyApm.Transport.Grpc.ConnectionManager : Connect server timeout.
System.Threading.Tasks.TaskCanceledException: Reached deadline.
   at Grpc.Core.Channel.WaitForStateChangedAsync(ChannelState lastObservedState, Nullable`1 deadline)
   at Grpc.Core.Channel.ConnectAsync(Nullable`1 deadline)
   at SkyApm.Transport.Grpc.ConnectionManager.ConnectAsync()
