2022-04-13 10:07:12.982 +04:30 [Accounting] [Information] SkyApm.InstrumentStartup : Initializing ...
2022-04-13 10:07:13.066 +04:30 [Accounting] [Information] SkyApm.Service.RegisterService : Loaded instrument service [SkyApm.Service.RegisterService].
2022-04-13 10:07:13.090 +04:30 [Accounting] [Information] SkyApm.Service.PingService : Loaded instrument service [SkyApm.Service.PingService].
2022-04-13 10:07:13.090 +04:30 [Accounting] [Information] SkyApm.Service.SegmentReportService : Loaded instrument service [SkyApm.Service.SegmentReportService].
2022-04-13 10:07:13.090 +04:30 [Accounting] [Information] SkyApm.Service.CLRStatsService : Loaded instrument service [SkyApm.Service.CLRStatsService].
2022-04-13 10:07:13.092 +04:30 [Accounting] [Information] SkyApm.Sampling.SimpleCountSamplingInterceptor : Loaded instrument service [SkyApm.Sampling.SimpleCountSamplingInterceptor].
2022-04-13 10:07:13.093 +04:30 [Accounting] [Information] SkyApm.Transport.Grpc.ConnectService : Loaded instrument service [SkyApm.Transport.Grpc.ConnectService].
2022-04-13 10:07:13.222 +04:30 [Accounting] [Information] SkyApm.Diagnostics.TracingDiagnosticProcessorObserver : Loaded diagnostic listener [Microsoft.AspNetCore].
2022-04-13 10:07:13.222 +04:30 [Accounting] [Information] SkyApm.InstrumentStartup : Started SkyAPM .NET Core Agent.
2022-04-13 10:07:23.959 +04:30 [Accounting] [Error] SkyApm.Transport.Grpc.ConnectionManager : Connect server timeout.
System.Threading.Tasks.TaskCanceledException: Reached deadline.
   at Grpc.Core.Channel.WaitForStateChangedAsync(ChannelState lastObservedState, Nullable`1 deadline)
   at Grpc.Core.Channel.ConnectAsync(Nullable`1 deadline)
   at SkyApm.Transport.Grpc.ConnectionManager.ConnectAsync()
2022-04-13 10:07:28.134 +04:30 [Accounting] [Information] SkyApm.Transport.Grpc.ConnectionManager : Shutdown connection[192.168.0.1:11800].
2022-04-13 10:07:38.166 +04:30 [Accounting] [Error] SkyApm.Transport.Grpc.ConnectionManager : Connect server timeout.
System.Threading.Tasks.TaskCanceledException: Reached deadline.
   at Grpc.Core.Channel.WaitForStateChangedAsync(ChannelState lastObservedState, Nullable`1 deadline)
   at Grpc.Core.Channel.ConnectAsync(Nullable`1 deadline)
   at SkyApm.Transport.Grpc.ConnectionManager.ConnectAsync()
2022-04-13 10:07:43.122 +04:30 [Accounting] [Information] SkyApm.Transport.Grpc.ConnectionManager : Shutdown connection[192.168.0.1:11800].
2022-04-13 10:07:53.163 +04:30 [Accounting] [Error] SkyApm.Transport.Grpc.ConnectionManager : Connect server timeout.
System.Threading.Tasks.TaskCanceledException: Reached deadline.
   at Grpc.Core.Channel.WaitForStateChangedAsync(ChannelState lastObservedState, Nullable`1 deadline)
   at Grpc.Core.Channel.ConnectAsync(Nullable`1 deadline)
   at SkyApm.Transport.Grpc.ConnectionManager.ConnectAsync()
2022-04-13 10:07:58.111 +04:30 [Accounting] [Information] SkyApm.Transport.Grpc.ConnectionManager : Shutdown connection[192.168.0.1:11800].
2022-04-13 10:08:08.142 +04:30 [Accounting] [Error] SkyApm.Transport.Grpc.ConnectionManager : Connect server timeout.
System.Threading.Tasks.TaskCanceledException: Reached deadline.
   at Grpc.Core.Channel.WaitForStateChangedAsync(ChannelState lastObservedState, Nullable`1 deadline)
   at Grpc.Core.Channel.ConnectAsync(Nullable`1 deadline)
   at SkyApm.Transport.Grpc.ConnectionManager.ConnectAsync()
2022-04-13 10:08:13.112 +04:30 [Accounting] [Information] SkyApm.Transport.Grpc.ConnectionManager : Shutdown connection[192.168.0.1:11800].
2022-04-13 10:08:23.152 +04:30 [Accounting] [Error] SkyApm.Transport.Grpc.ConnectionManager : Connect server timeout.
System.Threading.Tasks.TaskCanceledException: Reached deadline.
   at Grpc.Core.Channel.WaitForStateChangedAsync(ChannelState lastObservedState, Nullable`1 deadline)
   at Grpc.Core.Channel.ConnectAsync(Nullable`1 deadline)
   at SkyApm.Transport.Grpc.ConnectionManager.ConnectAsync()
2022-04-13 10:08:28.097 +04:30 [Accounting] [Information] SkyApm.Transport.Grpc.ConnectionManager : Shutdown connection[192.168.0.1:11800].
2022-04-13 10:08:38.140 +04:30 [Accounting] [Error] SkyApm.Transport.Grpc.ConnectionManager : Connect server timeout.
System.Threading.Tasks.TaskCanceledException: Reached deadline.
   at Grpc.Core.Channel.WaitForStateChangedAsync(ChannelState lastObservedState, Nullable`1 deadline)
   at Grpc.Core.Channel.ConnectAsync(Nullable`1 deadline)
   at SkyApm.Transport.Grpc.ConnectionManager.ConnectAsync()
2022-04-13 10:08:43.105 +04:30 [Accounting] [Information] SkyApm.Transport.Grpc.ConnectionManager : Shutdown connection[192.168.0.1:11800].
2022-04-13 10:08:53.134 +04:30 [Accounting] [Error] SkyApm.Transport.Grpc.ConnectionManager : Connect server timeout.
System.Threading.Tasks.TaskCanceledException: Reached deadline.
   at Grpc.Core.Channel.WaitForStateChangedAsync(ChannelState lastObservedState, Nullable`1 deadline)
   at Grpc.Core.Channel.ConnectAsync(Nullable`1 deadline)
   at SkyApm.Transport.Grpc.ConnectionManager.ConnectAsync()
2022-04-13 10:08:58.119 +04:30 [Accounting] [Information] SkyApm.Transport.Grpc.ConnectionManager : Shutdown connection[192.168.0.1:11800].
2022-04-13 10:09:08.164 +04:30 [Accounting] [Error] SkyApm.Transport.Grpc.ConnectionManager : Connect server timeout.
System.Threading.Tasks.TaskCanceledException: Reached deadline.
   at Grpc.Core.Channel.WaitForStateChangedAsync(ChannelState lastObservedState, Nullable`1 deadline)
   at Grpc.Core.Channel.ConnectAsync(Nullable`1 deadline)
   at SkyApm.Transport.Grpc.ConnectionManager.ConnectAsync()
2022-04-13 10:09:13.113 +04:30 [Accounting] [Information] SkyApm.Transport.Grpc.ConnectionManager : Shutdown connection[192.168.0.1:11800].
2022-04-13 10:09:23.149 +04:30 [Accounting] [Error] SkyApm.Transport.Grpc.ConnectionManager : Connect server timeout.
System.Threading.Tasks.TaskCanceledException: Reached deadline.
   at Grpc.Core.Channel.WaitForStateChangedAsync(ChannelState lastObservedState, Nullable`1 deadline)
   at Grpc.Core.Channel.ConnectAsync(Nullable`1 deadline)
   at SkyApm.Transport.Grpc.ConnectionManager.ConnectAsync()
2022-04-13 10:09:28.114 +04:30 [Accounting] [Information] SkyApm.Transport.Grpc.ConnectionManager : Shutdown connection[192.168.0.1:11800].
2022-04-13 10:09:38.158 +04:30 [Accounting] [Error] SkyApm.Transport.Grpc.ConnectionManager : Connect server timeout.
System.Threading.Tasks.TaskCanceledException: Reached deadline.
   at Grpc.Core.Channel.WaitForStateChangedAsync(ChannelState lastObservedState, Nullable`1 deadline)
   at Grpc.Core.Channel.ConnectAsync(Nullable`1 deadline)
   at SkyApm.Transport.Grpc.ConnectionManager.ConnectAsync()
2022-04-13 10:09:43.106 +04:30 [Accounting] [Information] SkyApm.Transport.Grpc.ConnectionManager : Shutdown connection[192.168.0.1:11800].
2022-04-13 10:09:53.144 +04:30 [Accounting] [Error] SkyApm.Transport.Grpc.ConnectionManager : Connect server timeout.
System.Threading.Tasks.TaskCanceledException: Reached deadline.
   at Grpc.Core.Channel.WaitForStateChangedAsync(ChannelState lastObservedState, Nullable`1 deadline)
   at Grpc.Core.Channel.ConnectAsync(Nullable`1 deadline)
   at SkyApm.Transport.Grpc.ConnectionManager.ConnectAsync()
2022-04-13 10:09:58.097 +04:30 [Accounting] [Information] SkyApm.Transport.Grpc.ConnectionManager : Shutdown connection[192.168.0.1:11800].
2022-04-13 10:10:08.125 +04:30 [Accounting] [Error] SkyApm.Transport.Grpc.ConnectionManager : Connect server timeout.
System.Threading.Tasks.TaskCanceledException: Reached deadline.
   at Grpc.Core.Channel.WaitForStateChangedAsync(ChannelState lastObservedState, Nullable`1 deadline)
   at Grpc.Core.Channel.ConnectAsync(Nullable`1 deadline)
   at SkyApm.Transport.Grpc.ConnectionManager.ConnectAsync()
2022-04-13 10:10:13.115 +04:30 [Accounting] [Information] SkyApm.Transport.Grpc.ConnectionManager : Shutdown connection[192.168.0.1:11800].
2022-04-13 10:10:23.140 +04:30 [Accounting] [Error] SkyApm.Transport.Grpc.ConnectionManager : Connect server timeout.
System.Threading.Tasks.TaskCanceledException: Reached deadline.
   at Grpc.Core.Channel.WaitForStateChangedAsync(ChannelState lastObservedState, Nullable`1 deadline)
   at Grpc.Core.Channel.ConnectAsync(Nullable`1 deadline)
   at SkyApm.Transport.Grpc.ConnectionManager.ConnectAsync()
2022-04-13 10:10:28.117 +04:30 [Accounting] [Information] SkyApm.Transport.Grpc.ConnectionManager : Shutdown connection[192.168.0.1:11800].
2022-04-13 10:10:38.154 +04:30 [Accounting] [Error] SkyApm.Transport.Grpc.ConnectionManager : Connect server timeout.
System.Threading.Tasks.TaskCanceledException: Reached deadline.
   at Grpc.Core.Channel.WaitForStateChangedAsync(ChannelState lastObservedState, Nullable`1 deadline)
   at Grpc.Core.Channel.ConnectAsync(Nullable`1 deadline)
   at SkyApm.Transport.Grpc.ConnectionManager.ConnectAsync()
2022-04-13 10:10:43.092 +04:30 [Accounting] [Information] SkyApm.Transport.Grpc.ConnectionManager : Shutdown connection[192.168.0.1:11800].
2022-04-13 10:10:53.124 +04:30 [Accounting] [Error] SkyApm.Transport.Grpc.ConnectionManager : Connect server timeout.
System.Threading.Tasks.TaskCanceledException: Reached deadline.
   at Grpc.Core.Channel.WaitForStateChangedAsync(ChannelState lastObservedState, Nullable`1 deadline)
   at Grpc.Core.Channel.ConnectAsync(Nullable`1 deadline)
   at SkyApm.Transport.Grpc.ConnectionManager.ConnectAsync()
2022-04-13 10:10:58.102 +04:30 [Accounting] [Information] SkyApm.Transport.Grpc.ConnectionManager : Shutdown connection[192.168.0.1:11800].
2022-04-13 10:11:08.134 +04:30 [Accounting] [Error] SkyApm.Transport.Grpc.ConnectionManager : Connect server timeout.
System.Threading.Tasks.TaskCanceledException: Reached deadline.
   at Grpc.Core.Channel.WaitForStateChangedAsync(ChannelState lastObservedState, Nullable`1 deadline)
   at Grpc.Core.Channel.ConnectAsync(Nullable`1 deadline)
   at SkyApm.Transport.Grpc.ConnectionManager.ConnectAsync()
2022-04-13 10:11:13.110 +04:30 [Accounting] [Information] SkyApm.Transport.Grpc.ConnectionManager : Shutdown connection[192.168.0.1:11800].
2022-04-13 10:11:23.136 +04:30 [Accounting] [Error] SkyApm.Transport.Grpc.ConnectionManager : Connect server timeout.
System.Threading.Tasks.TaskCanceledException: Reached deadline.
   at Grpc.Core.Channel.WaitForStateChangedAsync(ChannelState lastObservedState, Nullable`1 deadline)
   at Grpc.Core.Channel.ConnectAsync(Nullable`1 deadline)
   at SkyApm.Transport.Grpc.ConnectionManager.ConnectAsync()
2022-04-13 10:11:28.104 +04:30 [Accounting] [Information] SkyApm.Transport.Grpc.ConnectionManager : Shutdown connection[192.168.0.1:11800].
2022-04-13 10:11:50.503 +04:30 [Accounting] [Error] SkyApm.Transport.Grpc.ConnectionManager : Connect server timeout.
System.Threading.Tasks.TaskCanceledException: Reached deadline.
   at Grpc.Core.Channel.WaitForStateChangedAsync(ChannelState lastObservedState, Nullable`1 deadline)
   at Grpc.Core.Channel.ConnectAsync(Nullable`1 deadline)
   at SkyApm.Transport.Grpc.ConnectionManager.ConnectAsync()
2022-04-13 10:11:50.532 +04:30 [Accounting] [Information] SkyApm.Transport.Grpc.ConnectionManager : Shutdown connection[192.168.0.1:11800].
2022-04-13 10:11:50.618 +04:30 [Accounting] [Information] SkyApm.Diagnostics.TracingDiagnosticProcessorObserver : Loaded diagnostic listener [Microsoft.EntityFrameworkCore].
2022-04-13 10:11:51.397 +04:30 [Accounting] [Information] SkyApm.Diagnostics.TracingDiagnosticProcessorObserver : Loaded diagnostic listener [SqlClientDiagnosticListener].
2022-04-13 10:11:51.418 +04:30 [Accounting] [Information] SkyApm.Diagnostics.TracingDiagnosticProcessorObserver : Loaded diagnostic listener [SqlClientDiagnosticListener].
2022-04-13 10:12:02.133 +04:30 [Accounting] [Error] SkyApm.Transport.Grpc.ConnectionManager : Connect server timeout.
System.Threading.Tasks.TaskCanceledException: Reached deadline.
   at Grpc.Core.Channel.WaitForStateChangedAsync(ChannelState lastObservedState, Nullable`1 deadline)
   at Grpc.Core.Channel.ConnectAsync(Nullable`1 deadline)
   at SkyApm.Transport.Grpc.ConnectionManager.ConnectAsync()
2022-04-13 10:12:03.900 +04:30 [Accounting] [Information] SkyApm.Transport.Grpc.ConnectionManager : Shutdown connection[192.168.0.1:11800].
2022-04-13 10:16:38.671 +04:30 [Accounting] [Information] SkyApm.InstrumentStartup : Initializing ...
2022-04-13 10:16:38.691 +04:30 [Accounting] [Information] SkyApm.Service.RegisterService : Loaded instrument service [SkyApm.Service.RegisterService].
2022-04-13 10:16:38.691 +04:30 [Accounting] [Information] SkyApm.Service.PingService : Loaded instrument service [SkyApm.Service.PingService].
2022-04-13 10:16:38.691 +04:30 [Accounting] [Information] SkyApm.Service.SegmentReportService : Loaded instrument service [SkyApm.Service.SegmentReportService].
2022-04-13 10:16:38.691 +04:30 [Accounting] [Information] SkyApm.Service.CLRStatsService : Loaded instrument service [SkyApm.Service.CLRStatsService].
2022-04-13 10:16:38.691 +04:30 [Accounting] [Information] SkyApm.Sampling.SimpleCountSamplingInterceptor : Loaded instrument service [SkyApm.Sampling.SimpleCountSamplingInterceptor].
2022-04-13 10:16:38.691 +04:30 [Accounting] [Information] SkyApm.Transport.Grpc.ConnectService : Loaded instrument service [SkyApm.Transport.Grpc.ConnectService].
2022-04-13 10:16:38.713 +04:30 [Accounting] [Information] SkyApm.Diagnostics.TracingDiagnosticProcessorObserver : Loaded diagnostic listener [Microsoft.AspNetCore].
2022-04-13 10:16:38.714 +04:30 [Accounting] [Information] SkyApm.InstrumentStartup : Started SkyAPM .NET Core Agent.
2022-04-13 10:16:48.776 +04:30 [Accounting] [Error] SkyApm.Transport.Grpc.ConnectionManager : Connect server timeout.
System.Threading.Tasks.TaskCanceledException: Reached deadline.
   at Grpc.Core.Channel.WaitForStateChangedAsync(ChannelState lastObservedState, Nullable`1 deadline)
   at Grpc.Core.Channel.ConnectAsync(Nullable`1 deadline)
   at SkyApm.Transport.Grpc.ConnectionManager.ConnectAsync()
2022-04-13 10:16:53.700 +04:30 [Accounting] [Information] SkyApm.Transport.Grpc.ConnectionManager : Shutdown connection[192.168.0.1:11800].
2022-04-13 10:17:03.713 +04:30 [Accounting] [Error] SkyApm.Transport.Grpc.ConnectionManager : Connect server timeout.
System.Threading.Tasks.TaskCanceledException: Reached deadline.
   at Grpc.Core.Channel.WaitForStateChangedAsync(ChannelState lastObservedState, Nullable`1 deadline)
   at Grpc.Core.Channel.ConnectAsync(Nullable`1 deadline)
   at SkyApm.Transport.Grpc.ConnectionManager.ConnectAsync()
2022-04-13 10:17:08.705 +04:30 [Accounting] [Information] SkyApm.Transport.Grpc.ConnectionManager : Shutdown connection[192.168.0.1:11800].
2022-04-13 10:17:18.722 +04:30 [Accounting] [Error] SkyApm.Transport.Grpc.ConnectionManager : Connect server timeout.
System.Threading.Tasks.TaskCanceledException: Reached deadline.
   at Grpc.Core.Channel.WaitForStateChangedAsync(ChannelState lastObservedState, Nullable`1 deadline)
   at Grpc.Core.Channel.ConnectAsync(Nullable`1 deadline)
   at SkyApm.Transport.Grpc.ConnectionManager.ConnectAsync()
2022-04-13 10:17:23.703 +04:30 [Accounting] [Information] SkyApm.Transport.Grpc.ConnectionManager : Shutdown connection[192.168.0.1:11800].
2022-04-13 10:17:33.724 +04:30 [Accounting] [Error] SkyApm.Transport.Grpc.ConnectionManager : Connect server timeout.
System.Threading.Tasks.TaskCanceledException: Reached deadline.
   at Grpc.Core.Channel.WaitForStateChangedAsync(ChannelState lastObservedState, Nullable`1 deadline)
   at Grpc.Core.Channel.ConnectAsync(Nullable`1 deadline)
   at SkyApm.Transport.Grpc.ConnectionManager.ConnectAsync()
2022-04-13 10:17:38.691 +04:30 [Accounting] [Information] SkyApm.Transport.Grpc.ConnectionManager : Shutdown connection[192.168.0.1:11800].
2022-04-13 10:17:48.705 +04:30 [Accounting] [Error] SkyApm.Transport.Grpc.ConnectionManager : Connect server timeout.
System.Threading.Tasks.TaskCanceledException: Reached deadline.
   at Grpc.Core.Channel.WaitForStateChangedAsync(ChannelState lastObservedState, Nullable`1 deadline)
   at Grpc.Core.Channel.ConnectAsync(Nullable`1 deadline)
   at SkyApm.Transport.Grpc.ConnectionManager.ConnectAsync()
2022-04-13 10:17:53.690 +04:30 [Accounting] [Information] SkyApm.Transport.Grpc.ConnectionManager : Shutdown connection[192.168.0.1:11800].
2022-04-13 10:18:03.698 +04:30 [Accounting] [Error] SkyApm.Transport.Grpc.ConnectionManager : Connect server timeout.
System.Threading.Tasks.TaskCanceledException: Reached deadline.
   at Grpc.Core.Channel.WaitForStateChangedAsync(ChannelState lastObservedState, Nullable`1 deadline)
   at Grpc.Core.Channel.ConnectAsync(Nullable`1 deadline)
   at SkyApm.Transport.Grpc.ConnectionManager.ConnectAsync()
2022-04-13 10:18:08.702 +04:30 [Accounting] [Information] SkyApm.Transport.Grpc.ConnectionManager : Shutdown connection[192.168.0.1:11800].
2022-04-13 10:18:18.710 +04:30 [Accounting] [Error] SkyApm.Transport.Grpc.ConnectionManager : Connect server timeout.
System.Threading.Tasks.TaskCanceledException: Reached deadline.
   at Grpc.Core.Channel.WaitForStateChangedAsync(ChannelState lastObservedState, Nullable`1 deadline)
   at Grpc.Core.Channel.ConnectAsync(Nullable`1 deadline)
   at SkyApm.Transport.Grpc.ConnectionManager.ConnectAsync()
2022-04-13 10:18:23.689 +04:30 [Accounting] [Information] SkyApm.Transport.Grpc.ConnectionManager : Shutdown connection[192.168.0.1:11800].
2022-04-13 10:18:33.698 +04:30 [Accounting] [Error] SkyApm.Transport.Grpc.ConnectionManager : Connect server timeout.
System.Threading.Tasks.TaskCanceledException: Reached deadline.
   at Grpc.Core.Channel.WaitForStateChangedAsync(ChannelState lastObservedState, Nullable`1 deadline)
   at Grpc.Core.Channel.ConnectAsync(Nullable`1 deadline)
   at SkyApm.Transport.Grpc.ConnectionManager.ConnectAsync()
2022-04-13 10:18:38.692 +04:30 [Accounting] [Information] SkyApm.Transport.Grpc.ConnectionManager : Shutdown connection[192.168.0.1:11800].
2022-04-13 10:18:48.706 +04:30 [Accounting] [Error] SkyApm.Transport.Grpc.ConnectionManager : Connect server timeout.
System.Threading.Tasks.TaskCanceledException: Reached deadline.
   at Grpc.Core.Channel.WaitForStateChangedAsync(ChannelState lastObservedState, Nullable`1 deadline)
   at Grpc.Core.Channel.ConnectAsync(Nullable`1 deadline)
   at SkyApm.Transport.Grpc.ConnectionManager.ConnectAsync()
2022-04-13 10:18:53.694 +04:30 [Accounting] [Information] SkyApm.Transport.Grpc.ConnectionManager : Shutdown connection[192.168.0.1:11800].
2022-04-13 10:19:03.703 +04:30 [Accounting] [Error] SkyApm.Transport.Grpc.ConnectionManager : Connect server timeout.
System.Threading.Tasks.TaskCanceledException: Reached deadline.
   at Grpc.Core.Channel.WaitForStateChangedAsync(ChannelState lastObservedState, Nullable`1 deadline)
   at Grpc.Core.Channel.ConnectAsync(Nullable`1 deadline)
   at SkyApm.Transport.Grpc.ConnectionManager.ConnectAsync()
2022-04-13 10:19:08.700 +04:30 [Accounting] [Information] SkyApm.Transport.Grpc.ConnectionManager : Shutdown connection[192.168.0.1:11800].
2022-04-13 10:19:18.722 +04:30 [Accounting] [Error] SkyApm.Transport.Grpc.ConnectionManager : Connect server timeout.
System.Threading.Tasks.TaskCanceledException: Reached deadline.
   at Grpc.Core.Channel.WaitForStateChangedAsync(ChannelState lastObservedState, Nullable`1 deadline)
   at Grpc.Core.Channel.ConnectAsync(Nullable`1 deadline)
   at SkyApm.Transport.Grpc.ConnectionManager.ConnectAsync()
2022-04-13 10:19:23.686 +04:30 [Accounting] [Information] SkyApm.Transport.Grpc.ConnectionManager : Shutdown connection[192.168.0.1:11800].
2022-04-13 10:19:33.707 +04:30 [Accounting] [Error] SkyApm.Transport.Grpc.ConnectionManager : Connect server timeout.
System.Threading.Tasks.TaskCanceledException: Reached deadline.
   at Grpc.Core.Channel.WaitForStateChangedAsync(ChannelState lastObservedState, Nullable`1 deadline)
   at Grpc.Core.Channel.ConnectAsync(Nullable`1 deadline)
   at SkyApm.Transport.Grpc.ConnectionManager.ConnectAsync()
2022-04-13 10:19:38.688 +04:30 [Accounting] [Information] SkyApm.Transport.Grpc.ConnectionManager : Shutdown connection[192.168.0.1:11800].
2022-04-13 10:19:48.693 +04:30 [Accounting] [Error] SkyApm.Transport.Grpc.ConnectionManager : Connect server timeout.
System.Threading.Tasks.TaskCanceledException: Reached deadline.
   at Grpc.Core.Channel.WaitForStateChangedAsync(ChannelState lastObservedState, Nullable`1 deadline)
   at Grpc.Core.Channel.ConnectAsync(Nullable`1 deadline)
   at SkyApm.Transport.Grpc.ConnectionManager.ConnectAsync()
2022-04-13 10:19:53.686 +04:30 [Accounting] [Information] SkyApm.Transport.Grpc.ConnectionManager : Shutdown connection[192.168.0.1:11800].
2022-04-13 10:20:03.704 +04:30 [Accounting] [Error] SkyApm.Transport.Grpc.ConnectionManager : Connect server timeout.
System.Threading.Tasks.TaskCanceledException: Reached deadline.
   at Grpc.Core.Channel.WaitForStateChangedAsync(ChannelState lastObservedState, Nullable`1 deadline)
   at Grpc.Core.Channel.ConnectAsync(Nullable`1 deadline)
   at SkyApm.Transport.Grpc.ConnectionManager.ConnectAsync()
2022-04-13 10:20:08.686 +04:30 [Accounting] [Information] SkyApm.Transport.Grpc.ConnectionManager : Shutdown connection[192.168.0.1:11800].
2022-04-13 10:20:18.705 +04:30 [Accounting] [Error] SkyApm.Transport.Grpc.ConnectionManager : Connect server timeout.
System.Threading.Tasks.TaskCanceledException: Reached deadline.
   at Grpc.Core.Channel.WaitForStateChangedAsync(ChannelState lastObservedState, Nullable`1 deadline)
   at Grpc.Core.Channel.ConnectAsync(Nullable`1 deadline)
   at SkyApm.Transport.Grpc.ConnectionManager.ConnectAsync()
2022-04-13 10:20:23.689 +04:30 [Accounting] [Information] SkyApm.Transport.Grpc.ConnectionManager : Shutdown connection[192.168.0.1:11800].
2022-04-13 10:20:33.701 +04:30 [Accounting] [Error] SkyApm.Transport.Grpc.ConnectionManager : Connect server timeout.
System.Threading.Tasks.TaskCanceledException: Reached deadline.
   at Grpc.Core.Channel.WaitForStateChangedAsync(ChannelState lastObservedState, Nullable`1 deadline)
   at Grpc.Core.Channel.ConnectAsync(Nullable`1 deadline)
   at SkyApm.Transport.Grpc.ConnectionManager.ConnectAsync()
2022-04-13 10:20:38.687 +04:30 [Accounting] [Information] SkyApm.Transport.Grpc.ConnectionManager : Shutdown connection[192.168.0.1:11800].
2022-04-13 10:20:48.701 +04:30 [Accounting] [Error] SkyApm.Transport.Grpc.ConnectionManager : Connect server timeout.
System.Threading.Tasks.TaskCanceledException: Reached deadline.
   at Grpc.Core.Channel.WaitForStateChangedAsync(ChannelState lastObservedState, Nullable`1 deadline)
   at Grpc.Core.Channel.ConnectAsync(Nullable`1 deadline)
   at SkyApm.Transport.Grpc.ConnectionManager.ConnectAsync()
2022-04-13 10:20:53.685 +04:30 [Accounting] [Information] SkyApm.Transport.Grpc.ConnectionManager : Shutdown connection[192.168.0.1:11800].
2022-04-13 10:21:03.691 +04:30 [Accounting] [Error] SkyApm.Transport.Grpc.ConnectionManager : Connect server timeout.
System.Threading.Tasks.TaskCanceledException: Reached deadline.
   at Grpc.Core.Channel.WaitForStateChangedAsync(ChannelState lastObservedState, Nullable`1 deadline)
   at Grpc.Core.Channel.ConnectAsync(Nullable`1 deadline)
   at SkyApm.Transport.Grpc.ConnectionManager.ConnectAsync()
2022-04-13 10:21:08.689 +04:30 [Accounting] [Information] SkyApm.Transport.Grpc.ConnectionManager : Shutdown connection[192.168.0.1:11800].
2022-04-13 10:21:18.699 +04:30 [Accounting] [Error] SkyApm.Transport.Grpc.ConnectionManager : Connect server timeout.
System.Threading.Tasks.TaskCanceledException: Reached deadline.
   at Grpc.Core.Channel.WaitForStateChangedAsync(ChannelState lastObservedState, Nullable`1 deadline)
   at Grpc.Core.Channel.ConnectAsync(Nullable`1 deadline)
   at SkyApm.Transport.Grpc.ConnectionManager.ConnectAsync()
2022-04-13 10:21:23.691 +04:30 [Accounting] [Information] SkyApm.Transport.Grpc.ConnectionManager : Shutdown connection[192.168.0.1:11800].
2022-04-13 10:21:33.708 +04:30 [Accounting] [Error] SkyApm.Transport.Grpc.ConnectionManager : Connect server timeout.
System.Threading.Tasks.TaskCanceledException: Reached deadline.
   at Grpc.Core.Channel.WaitForStateChangedAsync(ChannelState lastObservedState, Nullable`1 deadline)
   at Grpc.Core.Channel.ConnectAsync(Nullable`1 deadline)
   at SkyApm.Transport.Grpc.ConnectionManager.ConnectAsync()
2022-04-13 10:21:38.687 +04:30 [Accounting] [Information] SkyApm.Transport.Grpc.ConnectionManager : Shutdown connection[192.168.0.1:11800].
2022-04-13 10:21:48.696 +04:30 [Accounting] [Error] SkyApm.Transport.Grpc.ConnectionManager : Connect server timeout.
System.Threading.Tasks.TaskCanceledException: Reached deadline.
   at Grpc.Core.Channel.WaitForStateChangedAsync(ChannelState lastObservedState, Nullable`1 deadline)
   at Grpc.Core.Channel.ConnectAsync(Nullable`1 deadline)
   at SkyApm.Transport.Grpc.ConnectionManager.ConnectAsync()
2022-04-13 10:21:53.692 +04:30 [Accounting] [Information] SkyApm.Transport.Grpc.ConnectionManager : Shutdown connection[192.168.0.1:11800].
2022-04-13 10:22:03.705 +04:30 [Accounting] [Error] SkyApm.Transport.Grpc.ConnectionManager : Connect server timeout.
System.Threading.Tasks.TaskCanceledException: Reached deadline.
   at Grpc.Core.Channel.WaitForStateChangedAsync(ChannelState lastObservedState, Nullable`1 deadline)
   at Grpc.Core.Channel.ConnectAsync(Nullable`1 deadline)
   at SkyApm.Transport.Grpc.ConnectionManager.ConnectAsync()
2022-04-13 10:22:08.682 +04:30 [Accounting] [Information] SkyApm.Transport.Grpc.ConnectionManager : Shutdown connection[192.168.0.1:11800].
2022-04-13 10:22:18.699 +04:30 [Accounting] [Error] SkyApm.Transport.Grpc.ConnectionManager : Connect server timeout.
System.Threading.Tasks.TaskCanceledException: Reached deadline.
   at Grpc.Core.Channel.WaitForStateChangedAsync(ChannelState lastObservedState, Nullable`1 deadline)
   at Grpc.Core.Channel.ConnectAsync(Nullable`1 deadline)
   at SkyApm.Transport.Grpc.ConnectionManager.ConnectAsync()
2022-04-13 10:22:23.694 +04:30 [Accounting] [Information] SkyApm.Transport.Grpc.ConnectionManager : Shutdown connection[192.168.0.1:11800].
2022-04-13 10:22:33.706 +04:30 [Accounting] [Error] SkyApm.Transport.Grpc.ConnectionManager : Connect server timeout.
System.Threading.Tasks.TaskCanceledException: Reached deadline.
   at Grpc.Core.Channel.WaitForStateChangedAsync(ChannelState lastObservedState, Nullable`1 deadline)
   at Grpc.Core.Channel.ConnectAsync(Nullable`1 deadline)
   at SkyApm.Transport.Grpc.ConnectionManager.ConnectAsync()
2022-04-13 10:22:38.685 +04:30 [Accounting] [Information] SkyApm.Transport.Grpc.ConnectionManager : Shutdown connection[192.168.0.1:11800].
2022-04-13 10:22:48.693 +04:30 [Accounting] [Error] SkyApm.Transport.Grpc.ConnectionManager : Connect server timeout.
System.Threading.Tasks.TaskCanceledException: Reached deadline.
   at Grpc.Core.Channel.WaitForStateChangedAsync(ChannelState lastObservedState, Nullable`1 deadline)
   at Grpc.Core.Channel.ConnectAsync(Nullable`1 deadline)
   at SkyApm.Transport.Grpc.ConnectionManager.ConnectAsync()
2022-04-13 10:22:53.690 +04:30 [Accounting] [Information] SkyApm.Transport.Grpc.ConnectionManager : Shutdown connection[192.168.0.1:11800].
2022-04-13 10:23:03.706 +04:30 [Accounting] [Error] SkyApm.Transport.Grpc.ConnectionManager : Connect server timeout.
System.Threading.Tasks.TaskCanceledException: Reached deadline.
   at Grpc.Core.Channel.WaitForStateChangedAsync(ChannelState lastObservedState, Nullable`1 deadline)
   at Grpc.Core.Channel.ConnectAsync(Nullable`1 deadline)
   at SkyApm.Transport.Grpc.ConnectionManager.ConnectAsync()
2022-04-13 10:23:08.681 +04:30 [Accounting] [Information] SkyApm.Transport.Grpc.ConnectionManager : Shutdown connection[192.168.0.1:11800].
2022-04-13 10:23:18.690 +04:30 [Accounting] [Error] SkyApm.Transport.Grpc.ConnectionManager : Connect server timeout.
System.Threading.Tasks.TaskCanceledException: Reached deadline.
   at Grpc.Core.Channel.WaitForStateChangedAsync(ChannelState lastObservedState, Nullable`1 deadline)
   at Grpc.Core.Channel.ConnectAsync(Nullable`1 deadline)
   at SkyApm.Transport.Grpc.ConnectionManager.ConnectAsync()
2022-04-13 10:23:23.691 +04:30 [Accounting] [Information] SkyApm.Transport.Grpc.ConnectionManager : Shutdown connection[192.168.0.1:11800].
2022-04-13 10:23:33.699 +04:30 [Accounting] [Error] SkyApm.Transport.Grpc.ConnectionManager : Connect server timeout.
System.Threading.Tasks.TaskCanceledException: Reached deadline.
   at Grpc.Core.Channel.WaitForStateChangedAsync(ChannelState lastObservedState, Nullable`1 deadline)
   at Grpc.Core.Channel.ConnectAsync(Nullable`1 deadline)
   at SkyApm.Transport.Grpc.ConnectionManager.ConnectAsync()
2022-04-13 10:23:38.685 +04:30 [Accounting] [Information] SkyApm.Transport.Grpc.ConnectionManager : Shutdown connection[192.168.0.1:11800].
2022-04-13 10:23:48.697 +04:30 [Accounting] [Error] SkyApm.Transport.Grpc.ConnectionManager : Connect server timeout.
System.Threading.Tasks.TaskCanceledException: Reached deadline.
   at Grpc.Core.Channel.WaitForStateChangedAsync(ChannelState lastObservedState, Nullable`1 deadline)
   at Grpc.Core.Channel.ConnectAsync(Nullable`1 deadline)
   at SkyApm.Transport.Grpc.ConnectionManager.ConnectAsync()
2022-04-13 10:23:53.675 +04:30 [Accounting] [Information] SkyApm.Transport.Grpc.ConnectionManager : Shutdown connection[192.168.0.1:11800].
2022-04-13 10:24:03.684 +04:30 [Accounting] [Error] SkyApm.Transport.Grpc.ConnectionManager : Connect server timeout.
System.Threading.Tasks.TaskCanceledException: Reached deadline.
   at Grpc.Core.Channel.WaitForStateChangedAsync(ChannelState lastObservedState, Nullable`1 deadline)
   at Grpc.Core.Channel.ConnectAsync(Nullable`1 deadline)
   at SkyApm.Transport.Grpc.ConnectionManager.ConnectAsync()
2022-04-13 10:24:08.696 +04:30 [Accounting] [Information] SkyApm.Transport.Grpc.ConnectionManager : Shutdown connection[192.168.0.1:11800].
2022-04-13 10:24:18.716 +04:30 [Accounting] [Error] SkyApm.Transport.Grpc.ConnectionManager : Connect server timeout.
System.Threading.Tasks.TaskCanceledException: Reached deadline.
   at Grpc.Core.Channel.WaitForStateChangedAsync(ChannelState lastObservedState, Nullable`1 deadline)
   at Grpc.Core.Channel.ConnectAsync(Nullable`1 deadline)
   at SkyApm.Transport.Grpc.ConnectionManager.ConnectAsync()
2022-04-13 10:24:23.679 +04:30 [Accounting] [Information] SkyApm.Transport.Grpc.ConnectionManager : Shutdown connection[192.168.0.1:11800].
2022-04-13 10:24:33.694 +04:30 [Accounting] [Error] SkyApm.Transport.Grpc.ConnectionManager : Connect server timeout.
System.Threading.Tasks.TaskCanceledException: Reached deadline.
   at Grpc.Core.Channel.WaitForStateChangedAsync(ChannelState lastObservedState, Nullable`1 deadline)
   at Grpc.Core.Channel.ConnectAsync(Nullable`1 deadline)
   at SkyApm.Transport.Grpc.ConnectionManager.ConnectAsync()
2022-04-13 10:24:38.685 +04:30 [Accounting] [Information] SkyApm.Transport.Grpc.ConnectionManager : Shutdown connection[192.168.0.1:11800].
2022-04-13 10:24:48.695 +04:30 [Accounting] [Error] SkyApm.Transport.Grpc.ConnectionManager : Connect server timeout.
System.Threading.Tasks.TaskCanceledException: Reached deadline.
   at Grpc.Core.Channel.WaitForStateChangedAsync(ChannelState lastObservedState, Nullable`1 deadline)
   at Grpc.Core.Channel.ConnectAsync(Nullable`1 deadline)
   at SkyApm.Transport.Grpc.ConnectionManager.ConnectAsync()
2022-04-13 10:24:53.676 +04:30 [Accounting] [Information] SkyApm.Transport.Grpc.ConnectionManager : Shutdown connection[192.168.0.1:11800].
2022-04-13 10:25:03.689 +04:30 [Accounting] [Error] SkyApm.Transport.Grpc.ConnectionManager : Connect server timeout.
System.Threading.Tasks.TaskCanceledException: Reached deadline.
   at Grpc.Core.Channel.WaitForStateChangedAsync(ChannelState lastObservedState, Nullable`1 deadline)
   at Grpc.Core.Channel.ConnectAsync(Nullable`1 deadline)
   at SkyApm.Transport.Grpc.ConnectionManager.ConnectAsync()
2022-04-13 10:25:08.691 +04:30 [Accounting] [Information] SkyApm.Transport.Grpc.ConnectionManager : Shutdown connection[192.168.0.1:11800].
2022-04-13 10:25:18.708 +04:30 [Accounting] [Error] SkyApm.Transport.Grpc.ConnectionManager : Connect server timeout.
System.Threading.Tasks.TaskCanceledException: Reached deadline.
   at Grpc.Core.Channel.WaitForStateChangedAsync(ChannelState lastObservedState, Nullable`1 deadline)
   at Grpc.Core.Channel.ConnectAsync(Nullable`1 deadline)
   at SkyApm.Transport.Grpc.ConnectionManager.ConnectAsync()
2022-04-13 10:25:23.679 +04:30 [Accounting] [Information] SkyApm.Transport.Grpc.ConnectionManager : Shutdown connection[192.168.0.1:11800].
2022-04-13 10:25:33.698 +04:30 [Accounting] [Error] SkyApm.Transport.Grpc.ConnectionManager : Connect server timeout.
System.Threading.Tasks.TaskCanceledException: Reached deadline.
   at Grpc.Core.Channel.WaitForStateChangedAsync(ChannelState lastObservedState, Nullable`1 deadline)
   at Grpc.Core.Channel.ConnectAsync(Nullable`1 deadline)
   at SkyApm.Transport.Grpc.ConnectionManager.ConnectAsync()
2022-04-13 10:25:38.679 +04:30 [Accounting] [Information] SkyApm.Transport.Grpc.ConnectionManager : Shutdown connection[192.168.0.1:11800].
2022-04-13 10:25:48.688 +04:30 [Accounting] [Error] SkyApm.Transport.Grpc.ConnectionManager : Connect server timeout.
System.Threading.Tasks.TaskCanceledException: Reached deadline.
   at Grpc.Core.Channel.WaitForStateChangedAsync(ChannelState lastObservedState, Nullable`1 deadline)
   at Grpc.Core.Channel.ConnectAsync(Nullable`1 deadline)
   at SkyApm.Transport.Grpc.ConnectionManager.ConnectAsync()
2022-04-13 10:25:53.670 +04:30 [Accounting] [Information] SkyApm.Transport.Grpc.ConnectionManager : Shutdown connection[192.168.0.1:11800].
2022-04-13 10:26:03.676 +04:30 [Accounting] [Error] SkyApm.Transport.Grpc.ConnectionManager : Connect server timeout.
System.Threading.Tasks.TaskCanceledException: Reached deadline.
   at Grpc.Core.Channel.WaitForStateChangedAsync(ChannelState lastObservedState, Nullable`1 deadline)
   at Grpc.Core.Channel.ConnectAsync(Nullable`1 deadline)
   at SkyApm.Transport.Grpc.ConnectionManager.ConnectAsync()
2022-04-13 10:26:08.679 +04:30 [Accounting] [Information] SkyApm.Transport.Grpc.ConnectionManager : Shutdown connection[192.168.0.1:11800].
2022-04-13 10:26:18.690 +04:30 [Accounting] [Error] SkyApm.Transport.Grpc.ConnectionManager : Connect server timeout.
System.Threading.Tasks.TaskCanceledException: Reached deadline.
   at Grpc.Core.Channel.WaitForStateChangedAsync(ChannelState lastObservedState, Nullable`1 deadline)
   at Grpc.Core.Channel.ConnectAsync(Nullable`1 deadline)
   at SkyApm.Transport.Grpc.ConnectionManager.ConnectAsync()
2022-04-13 10:26:23.669 +04:30 [Accounting] [Information] SkyApm.Transport.Grpc.ConnectionManager : Shutdown connection[192.168.0.1:11800].
2022-04-13 10:26:33.684 +04:30 [Accounting] [Error] SkyApm.Transport.Grpc.ConnectionManager : Connect server timeout.
System.Threading.Tasks.TaskCanceledException: Reached deadline.
   at Grpc.Core.Channel.WaitForStateChangedAsync(ChannelState lastObservedState, Nullable`1 deadline)
   at Grpc.Core.Channel.ConnectAsync(Nullable`1 deadline)
   at SkyApm.Transport.Grpc.ConnectionManager.ConnectAsync()
2022-04-13 10:26:38.668 +04:30 [Accounting] [Information] SkyApm.Transport.Grpc.ConnectionManager : Shutdown connection[192.168.0.1:11800].
2022-04-13 10:26:48.682 +04:30 [Accounting] [Error] SkyApm.Transport.Grpc.ConnectionManager : Connect server timeout.
System.Threading.Tasks.TaskCanceledException: Reached deadline.
   at Grpc.Core.Channel.WaitForStateChangedAsync(ChannelState lastObservedState, Nullable`1 deadline)
   at Grpc.Core.Channel.ConnectAsync(Nullable`1 deadline)
   at SkyApm.Transport.Grpc.ConnectionManager.ConnectAsync()
2022-04-13 10:26:53.672 +04:30 [Accounting] [Information] SkyApm.Transport.Grpc.ConnectionManager : Shutdown connection[192.168.0.1:11800].
2022-04-13 10:27:03.680 +04:30 [Accounting] [Error] SkyApm.Transport.Grpc.ConnectionManager : Connect server timeout.
System.Threading.Tasks.TaskCanceledException: Reached deadline.
   at Grpc.Core.Channel.WaitForStateChangedAsync(ChannelState lastObservedState, Nullable`1 deadline)
   at Grpc.Core.Channel.ConnectAsync(Nullable`1 deadline)
   at SkyApm.Transport.Grpc.ConnectionManager.ConnectAsync()
2022-04-13 10:27:08.679 +04:30 [Accounting] [Information] SkyApm.Transport.Grpc.ConnectionManager : Shutdown connection[192.168.0.1:11800].
2022-04-13 10:27:18.694 +04:30 [Accounting] [Error] SkyApm.Transport.Grpc.ConnectionManager : Connect server timeout.
System.Threading.Tasks.TaskCanceledException: Reached deadline.
   at Grpc.Core.Channel.WaitForStateChangedAsync(ChannelState lastObservedState, Nullable`1 deadline)
   at Grpc.Core.Channel.ConnectAsync(Nullable`1 deadline)
   at SkyApm.Transport.Grpc.ConnectionManager.ConnectAsync()
2022-04-13 10:27:23.665 +04:30 [Accounting] [Information] SkyApm.Transport.Grpc.ConnectionManager : Shutdown connection[192.168.0.1:11800].
2022-04-13 10:27:33.682 +04:30 [Accounting] [Error] SkyApm.Transport.Grpc.ConnectionManager : Connect server timeout.
System.Threading.Tasks.TaskCanceledException: Reached deadline.
   at Grpc.Core.Channel.WaitForStateChangedAsync(ChannelState lastObservedState, Nullable`1 deadline)
   at Grpc.Core.Channel.ConnectAsync(Nullable`1 deadline)
   at SkyApm.Transport.Grpc.ConnectionManager.ConnectAsync()
2022-04-13 10:27:38.671 +04:30 [Accounting] [Information] SkyApm.Transport.Grpc.ConnectionManager : Shutdown connection[192.168.0.1:11800].
2022-04-13 10:27:48.676 +04:30 [Accounting] [Error] SkyApm.Transport.Grpc.ConnectionManager : Connect server timeout.
System.Threading.Tasks.TaskCanceledException: Reached deadline.
   at Grpc.Core.Channel.WaitForStateChangedAsync(ChannelState lastObservedState, Nullable`1 deadline)
   at Grpc.Core.Channel.ConnectAsync(Nullable`1 deadline)
   at SkyApm.Transport.Grpc.ConnectionManager.ConnectAsync()
2022-04-13 10:27:53.662 +04:30 [Accounting] [Information] SkyApm.Transport.Grpc.ConnectionManager : Shutdown connection[192.168.0.1:11800].
2022-04-13 10:28:03.668 +04:30 [Accounting] [Error] SkyApm.Transport.Grpc.ConnectionManager : Connect server timeout.
System.Threading.Tasks.TaskCanceledException: Reached deadline.
   at Grpc.Core.Channel.WaitForStateChangedAsync(ChannelState lastObservedState, Nullable`1 deadline)
   at Grpc.Core.Channel.ConnectAsync(Nullable`1 deadline)
   at SkyApm.Transport.Grpc.ConnectionManager.ConnectAsync()
2022-04-13 10:28:08.663 +04:30 [Accounting] [Information] SkyApm.Transport.Grpc.ConnectionManager : Shutdown connection[192.168.0.1:11800].
2022-04-13 10:28:18.668 +04:30 [Accounting] [Error] SkyApm.Transport.Grpc.ConnectionManager : Connect server timeout.
System.Threading.Tasks.TaskCanceledException: Reached deadline.
   at Grpc.Core.Channel.WaitForStateChangedAsync(ChannelState lastObservedState, Nullable`1 deadline)
   at Grpc.Core.Channel.ConnectAsync(Nullable`1 deadline)
   at SkyApm.Transport.Grpc.ConnectionManager.ConnectAsync()
2022-04-13 10:28:23.675 +04:30 [Accounting] [Information] SkyApm.Transport.Grpc.ConnectionManager : Shutdown connection[192.168.0.1:11800].
2022-04-13 10:28:33.692 +04:30 [Accounting] [Error] SkyApm.Transport.Grpc.ConnectionManager : Connect server timeout.
System.Threading.Tasks.TaskCanceledException: Reached deadline.
   at Grpc.Core.Channel.WaitForStateChangedAsync(ChannelState lastObservedState, Nullable`1 deadline)
   at Grpc.Core.Channel.ConnectAsync(Nullable`1 deadline)
   at SkyApm.Transport.Grpc.ConnectionManager.ConnectAsync()
2022-04-13 10:37:52.062 +04:30 [Accounting] [Information] SkyApm.InstrumentStartup : Initializing ...
2022-04-13 10:37:52.082 +04:30 [Accounting] [Information] SkyApm.Service.RegisterService : Loaded instrument service [SkyApm.Service.RegisterService].
2022-04-13 10:37:52.082 +04:30 [Accounting] [Information] SkyApm.Service.PingService : Loaded instrument service [SkyApm.Service.PingService].
2022-04-13 10:37:52.082 +04:30 [Accounting] [Information] SkyApm.Service.SegmentReportService : Loaded instrument service [SkyApm.Service.SegmentReportService].
2022-04-13 10:37:52.082 +04:30 [Accounting] [Information] SkyApm.Service.CLRStatsService : Loaded instrument service [SkyApm.Service.CLRStatsService].
2022-04-13 10:37:52.082 +04:30 [Accounting] [Information] SkyApm.Sampling.SimpleCountSamplingInterceptor : Loaded instrument service [SkyApm.Sampling.SimpleCountSamplingInterceptor].
2022-04-13 10:37:52.083 +04:30 [Accounting] [Information] SkyApm.Transport.Grpc.ConnectService : Loaded instrument service [SkyApm.Transport.Grpc.ConnectService].
2022-04-13 10:37:52.105 +04:30 [Accounting] [Information] SkyApm.Diagnostics.TracingDiagnosticProcessorObserver : Loaded diagnostic listener [Microsoft.AspNetCore].
2022-04-13 10:37:52.105 +04:30 [Accounting] [Information] SkyApm.InstrumentStartup : Started SkyAPM .NET Core Agent.
2022-04-13 10:38:02.162 +04:30 [Accounting] [Error] SkyApm.Transport.Grpc.ConnectionManager : Connect server timeout.
System.Threading.Tasks.TaskCanceledException: Reached deadline.
   at Grpc.Core.Channel.WaitForStateChangedAsync(ChannelState lastObservedState, Nullable`1 deadline)
   at Grpc.Core.Channel.ConnectAsync(Nullable`1 deadline)
   at SkyApm.Transport.Grpc.ConnectionManager.ConnectAsync()
2022-04-13 10:38:07.100 +04:30 [Accounting] [Information] SkyApm.Transport.Grpc.ConnectionManager : Shutdown connection[192.168.0.1:11800].
